2024.10.19 22:03:51 INFO  Started: Metals version 1.3.5 in folders 'C:\Users\wergh\cryptage_scala' for client Visual Studio Code 1.94.2.
SLF4J(W): Class path contains multiple SLF4J providers.
SLF4J(W): Found provider [scribe.slf4j.ScribeServiceProvider@4ec2e19d]
SLF4J(W): Found provider [ch.qos.logback.classic.spi.LogbackServiceProvider@7fb6b7f9]
SLF4J(W): See https://www.slf4j.org/codes.html#multiple_bindings for an explanation.
SLF4J(I): Actual provider is of type [scribe.slf4j.ScribeServiceProvider@4ec2e19d]
2024.10.19 22:03:53 WARN  Flyway upgrade recommended: H2 2.3.230 is newer than this version of Flyway and support has not been tested. The latest supported version of H2 is 2.2.220.
2024.10.19 22:03:54 INFO  no build target found for C:\Users\wergh\cryptage_scala\Algo.scala. Using presentation compiler with project's scala-library version: 3.3.3
2024.10.19 22:04:02 WARN  Could not find semantic tokens for: file:///C:/Users/wergh/cryptage_scala/Algo.scala
2024.10.19 22:04:12 INFO  Running List(C:\Users\wergh\AppData\Local\Coursier\data\bin\scala-cli.BAT, setup-ide, C:\Users\wergh\cryptage_scala)
2024.10.19 22:04:13 INFO  Attempting to connect to the build server...
2024.10.19 22:04:13 INFO  Running BSP server List(C:\Users\wergh\AppData\Local\Coursier\data\bin\.scala-cli.aux.exe, bsp, --json-options, C:\Users\wergh\cryptage_scala\.scala-build\ide-options-v2.json, --json-launcher-options, C:\Users\wergh\cryptage_scala\.scala-build\ide-launcher-options.json, --envs-file, C:\Users\wergh\cryptage_scala\.scala-build\ide-envs.json, C:\Users\wergh\cryptage_scala)
2024.10.19 22:04:14 INFO  tracing is disabled for protocol BSP, to enable tracing of incoming and outgoing JSON messages create an empty file at C:\Users\wergh\cryptage_scala\.metals\bsp.trace.json or C:\Users\wergh\AppData\Local\scalameta\metals\cache\bsp.trace.json
2024.10.19 22:04:17 INFO  BSP server: Starting compilation server
2024.10.19 22:04:22 INFO  no build target found for C:\Users\wergh\cryptage_scala\Algo.scala. Using presentation compiler with project's scala-library version: 3.3.3
2024.10.19 22:04:22 INFO  no build target found for C:\Users\wergh\cryptage_scala\Algo.scala. Using presentation compiler with project's scala-library version: 3.3.3
oct. 19, 2024 10:04:22 PM org.eclipse.lsp4j.jsonrpc.RemoteEndpoint handleCancellation
AVERTISSEMENT: Unmatched cancel notification for request id 10
2024.10.19 22:04:24 INFO  no build target found for C:\Users\wergh\cryptage_scala\Algo.scala. Using presentation compiler with project's scala-library version: 3.3.3
2024.10.19 22:04:24 INFO  no build target found for C:\Users\wergh\cryptage_scala\Algo.scala. Using presentation compiler with project's scala-library version: 3.3.3
2024.10.19 22:04:24 WARN  Could not find semantic tokens for: file:///C:/Users/wergh/cryptage_scala/Algo.scala
2024.10.19 22:04:25 INFO  time: Connected to build server in 11s
2024.10.19 22:04:25 INFO  Connected to Build server: scala-cli v1.5.0
2024.10.19 22:04:25 INFO  no build target found for C:\Users\wergh\cryptage_scala\Algo.scala. Using presentation compiler with project's scala-library version: 3.3.3
2024.10.19 22:04:25 INFO  no build target found for C:\Users\wergh\cryptage_scala\Algo.scala. Using presentation compiler with project's scala-library version: 3.3.3
2024.10.19 22:04:26 INFO  time: Imported build in 0.72s
2024.10.19 22:04:26 INFO  running doctor check
2024.10.19 22:04:26 INFO  java targets: cryptage_scala_6df3ab5251, cryptage_scala_6df3ab5251-test
2024.10.19 22:04:29 INFO  compiling cryptage_scala_6df3ab5251 (1 scala source)
oct. 19, 2024 10:04:35 PM org.eclipse.lsp4j.jsonrpc.RemoteEndpoint handleCancellation
AVERTISSEMENT: Unmatched cancel notification for request id 30
oct. 19, 2024 10:04:35 PM org.eclipse.lsp4j.jsonrpc.RemoteEndpoint handleCancellation
AVERTISSEMENT: Unmatched cancel notification for request id 33
oct. 19, 2024 10:04:35 PM org.eclipse.lsp4j.jsonrpc.RemoteEndpoint handleCancellation
AVERTISSEMENT: Unmatched cancel notification for request id 36
oct. 19, 2024 10:04:35 PM org.eclipse.lsp4j.jsonrpc.RemoteEndpoint handleCancellation
AVERTISSEMENT: Unmatched cancel notification for request id 37
oct. 19, 2024 10:04:35 PM org.eclipse.lsp4j.jsonrpc.RemoteEndpoint handleCancellation
AVERTISSEMENT: Unmatched cancel notification for request id 40
oct. 19, 2024 10:04:35 PM org.eclipse.lsp4j.jsonrpc.RemoteEndpoint handleCancellation
AVERTISSEMENT: Unmatched cancel notification for request id 42
oct. 19, 2024 10:04:35 PM org.eclipse.lsp4j.jsonrpc.RemoteEndpoint handleCancellation
AVERTISSEMENT: Unmatched cancel notification for request id 49
oct. 19, 2024 10:04:35 PM org.eclipse.lsp4j.jsonrpc.RemoteEndpoint handleCancellation
AVERTISSEMENT: Unmatched cancel notification for request id 55
oct. 19, 2024 10:04:35 PM org.eclipse.lsp4j.jsonrpc.RemoteEndpoint handleCancellation
AVERTISSEMENT: Unmatched cancel notification for request id 62
oct. 19, 2024 10:04:35 PM org.eclipse.lsp4j.jsonrpc.RemoteEndpoint handleCancellation
AVERTISSEMENT: Unmatched cancel notification for request id 63
oct. 19, 2024 10:04:36 PM org.eclipse.lsp4j.jsonrpc.RemoteEndpoint handleCancellation
AVERTISSEMENT: Unmatched cancel notification for request id 70
oct. 19, 2024 10:04:36 PM org.eclipse.lsp4j.jsonrpc.RemoteEndpoint handleCancellation
AVERTISSEMENT: Unmatched cancel notification for request id 69
oct. 19, 2024 10:04:36 PM org.eclipse.lsp4j.jsonrpc.RemoteEndpoint handleCancellation
AVERTISSEMENT: Unmatched cancel notification for request id 72
2024.10.19 22:04:36 INFO  time: compiled cryptage_scala_6df3ab5251 in 7.16s
2024.10.19 22:04:38 WARN  Could not find semantic tokens for: file:///C:/Users/wergh/cryptage_scala/Algo.scala
2024.10.19 22:04:39 WARN  Flyway upgrade recommended: H2 2.3.230 is newer than this version of Flyway and support has not been tested. The latest supported version of H2 is 2.2.220.
2024.10.19 22:04:40 WARN  Could not find semantic tokens for: file:///C:/Users/wergh/cryptage_scala/Algo.scala
2024.10.19 22:04:43 INFO  time: indexed workspace in 16s
2024.10.19 22:04:45 WARN  Could not find semantic tokens for: file:///C:/Users/wergh/cryptage_scala/Algo.scala
2024.10.19 22:04:47 WARN  Could not find semantic tokens for: file:///C:/Users/wergh/cryptage_scala/Algo.scala
2024.10.19 22:04:51 WARN  Could not find semantic tokens for: file:///C:/Users/wergh/cryptage_scala/Algo.scala
oct. 19, 2024 10:04:51 PM org.eclipse.lsp4j.jsonrpc.RemoteEndpoint handleCancellation
AVERTISSEMENT: Unmatched cancel notification for request id 105
2024.10.19 22:04:53 WARN  Could not find semantic tokens for: file:///C:/Users/wergh/cryptage_scala/Algo.scala
oct. 19, 2024 10:05:14 PM org.eclipse.lsp4j.jsonrpc.RemoteEndpoint handleCancellation
AVERTISSEMENT: Unmatched cancel notification for request id 194
oct. 19, 2024 10:05:25 PM org.eclipse.lsp4j.jsonrpc.services.GenericEndpoint notify
INFOS: Unsupported notification method: $/setTrace
oct. 19, 2024 10:05:58 PM org.eclipse.lsp4j.jsonrpc.RemoteEndpoint handleCancellation
AVERTISSEMENT: Unmatched cancel notification for request id 371
oct. 19, 2024 10:06:18 PM org.eclipse.lsp4j.jsonrpc.RemoteEndpoint handleCancellation
AVERTISSEMENT: Unmatched cancel notification for request id 511
oct. 19, 2024 10:06:30 PM org.eclipse.lsp4j.jsonrpc.RemoteEndpoint handleCancellation
AVERTISSEMENT: Unmatched cancel notification for request id 545
oct. 19, 2024 10:07:22 PM org.eclipse.lsp4j.jsonrpc.RemoteEndpoint handleCancellation
AVERTISSEMENT: Unmatched cancel notification for request id 623
oct. 19, 2024 10:07:22 PM org.eclipse.lsp4j.jsonrpc.RemoteEndpoint handleCancellation
AVERTISSEMENT: Unmatched cancel notification for request id 625
oct. 19, 2024 10:09:44 PM org.eclipse.lsp4j.jsonrpc.RemoteEndpoint handleCancellation
AVERTISSEMENT: Unmatched cancel notification for request id 756
oct. 19, 2024 10:09:49 PM org.eclipse.lsp4j.jsonrpc.RemoteEndpoint handleCancellation
AVERTISSEMENT: Unmatched cancel notification for request id 792
oct. 19, 2024 10:10:23 PM org.eclipse.lsp4j.jsonrpc.RemoteEndpoint handleCancellation
AVERTISSEMENT: Unmatched cancel notification for request id 961
oct. 19, 2024 10:10:26 PM org.eclipse.lsp4j.jsonrpc.RemoteEndpoint handleCancellation
AVERTISSEMENT: Unmatched cancel notification for request id 985
oct. 19, 2024 10:12:56 PM org.eclipse.lsp4j.jsonrpc.RemoteEndpoint handleCancellation
AVERTISSEMENT: Unmatched cancel notification for request id 1099
oct. 19, 2024 10:13:04 PM org.eclipse.lsp4j.jsonrpc.RemoteEndpoint handleCancellation
AVERTISSEMENT: Unmatched cancel notification for request id 1219
oct. 19, 2024 10:13:12 PM org.eclipse.lsp4j.jsonrpc.RemoteEndpoint handleCancellation
AVERTISSEMENT: Unmatched cancel notification for request id 1268
oct. 19, 2024 10:13:12 PM org.eclipse.lsp4j.jsonrpc.RemoteEndpoint handleCancellation
AVERTISSEMENT: Unmatched cancel notification for request id 1270
oct. 19, 2024 10:13:18 PM org.eclipse.lsp4j.jsonrpc.RemoteEndpoint handleCancellation
AVERTISSEMENT: Unmatched cancel notification for request id 1320
oct. 19, 2024 10:13:20 PM org.eclipse.lsp4j.jsonrpc.RemoteEndpoint handleCancellation
AVERTISSEMENT: Unmatched cancel notification for request id 1340
oct. 19, 2024 10:14:51 PM org.eclipse.lsp4j.jsonrpc.RemoteEndpoint handleCancellation
AVERTISSEMENT: Unmatched cancel notification for request id 1419
oct. 19, 2024 10:14:52 PM org.eclipse.lsp4j.jsonrpc.RemoteEndpoint handleCancellation
AVERTISSEMENT: Unmatched cancel notification for request id 1423
oct. 19, 2024 10:14:52 PM org.eclipse.lsp4j.jsonrpc.RemoteEndpoint handleCancellation
AVERTISSEMENT: Unmatched cancel notification for request id 1430
oct. 19, 2024 10:16:27 PM org.eclipse.lsp4j.jsonrpc.RemoteEndpoint handleCancellation
AVERTISSEMENT: Unmatched cancel notification for request id 1584
oct. 19, 2024 10:16:49 PM org.eclipse.lsp4j.jsonrpc.RemoteEndpoint handleCancellation
AVERTISSEMENT: Unmatched cancel notification for request id 1718
oct. 19, 2024 10:18:43 PM org.eclipse.lsp4j.jsonrpc.RemoteEndpoint handleCancellation
AVERTISSEMENT: Unmatched cancel notification for request id 2295
oct. 19, 2024 10:19:02 PM org.eclipse.lsp4j.jsonrpc.RemoteEndpoint handleCancellation
AVERTISSEMENT: Unmatched cancel notification for request id 2388
oct. 19, 2024 10:19:31 PM org.eclipse.lsp4j.jsonrpc.RemoteEndpoint handleCancellation
AVERTISSEMENT: Unmatched cancel notification for request id 2447
oct. 19, 2024 10:19:31 PM org.eclipse.lsp4j.jsonrpc.RemoteEndpoint handleCancellation
AVERTISSEMENT: Unmatched cancel notification for request id 2451
oct. 19, 2024 10:20:20 PM org.eclipse.lsp4j.jsonrpc.RemoteEndpoint handleCancellation
AVERTISSEMENT: Unmatched cancel notification for request id 2559
2024.10.19 22:20:30 INFO  compiling cryptage_scala_6df3ab5251 (1 scala source)
2024.10.19 22:20:33 INFO  time: compiled cryptage_scala_6df3ab5251 in 3.31s
oct. 19, 2024 10:20:39 PM org.eclipse.lsp4j.jsonrpc.RemoteEndpoint handleCancellation
AVERTISSEMENT: Unmatched cancel notification for request id 2650
oct. 19, 2024 10:20:43 PM org.eclipse.lsp4j.jsonrpc.RemoteEndpoint handleCancellation
AVERTISSEMENT: Unmatched cancel notification for request id 2678
2024.10.19 22:20:47 INFO  Can not organize imports if file has error
2024.10.19 22:20:48 INFO  compiling cryptage_scala_6df3ab5251 (1 scala source)
2024.10.19 22:20:49 INFO  time: compiled cryptage_scala_6df3ab5251 in 1.54s
oct. 19, 2024 10:21:00 PM org.eclipse.lsp4j.jsonrpc.RemoteEndpoint handleCancellation
AVERTISSEMENT: Unmatched cancel notification for request id 2725
oct. 19, 2024 10:21:00 PM org.eclipse.lsp4j.jsonrpc.RemoteEndpoint handleCancellation
AVERTISSEMENT: Unmatched cancel notification for request id 2726
2024.10.19 22:21:01 INFO  Can not organize imports if file has error
2024.10.19 22:21:02 INFO  compiling cryptage_scala_6df3ab5251 (1 scala source)
2024.10.19 22:21:04 INFO  time: compiled cryptage_scala_6df3ab5251 in 1.82s
oct. 19, 2024 10:21:11 PM org.eclipse.lsp4j.jsonrpc.RemoteEndpoint handleCancellation
AVERTISSEMENT: Unmatched cancel notification for request id 2769
2024.10.19 22:21:18 INFO  Can not organize imports if file has error
2024.10.19 22:21:19 INFO  compiling cryptage_scala_6df3ab5251 (1 scala source)
2024.10.19 22:21:19 INFO  time: compiled cryptage_scala_6df3ab5251 in 0.9s
oct. 19, 2024 10:21:24 PM org.eclipse.lsp4j.jsonrpc.services.GenericEndpoint notify
INFOS: Unsupported notification method: $/setTrace
2024.10.19 22:21:42 INFO  Can not organize imports if file has error
2024.10.19 22:21:42 INFO  compiling cryptage_scala_6df3ab5251 (1 scala source)
2024.10.19 22:21:45 INFO  time: compiled cryptage_scala_6df3ab5251 in 2.39s
oct. 19, 2024 10:22:23 PM org.eclipse.lsp4j.jsonrpc.services.GenericEndpoint notify
INFOS: Unsupported notification method: $/setTrace
oct. 19, 2024 10:23:01 PM org.eclipse.lsp4j.jsonrpc.RemoteEndpoint handleCancellation
AVERTISSEMENT: Unmatched cancel notification for request id 3076
oct. 19, 2024 10:24:35 PM org.eclipse.lsp4j.jsonrpc.RemoteEndpoint handleCancellation
AVERTISSEMENT: Unmatched cancel notification for request id 3278
oct. 19, 2024 10:24:45 PM org.eclipse.lsp4j.jsonrpc.RemoteEndpoint handleCancellation
AVERTISSEMENT: Unmatched cancel notification for request id 3363
oct. 19, 2024 10:25:32 PM org.eclipse.lsp4j.jsonrpc.RemoteEndpoint handleCancellation
AVERTISSEMENT: Unmatched cancel notification for request id 3484
oct. 19, 2024 10:25:32 PM org.eclipse.lsp4j.jsonrpc.RemoteEndpoint handleCancellation
AVERTISSEMENT: Unmatched cancel notification for request id 3483
oct. 19, 2024 10:26:16 PM org.eclipse.lsp4j.jsonrpc.RemoteEndpoint handleCancellation
AVERTISSEMENT: Unmatched cancel notification for request id 3737
oct. 19, 2024 10:26:16 PM org.eclipse.lsp4j.jsonrpc.RemoteEndpoint handleCancellation
AVERTISSEMENT: Unmatched cancel notification for request id 3738
oct. 19, 2024 10:29:06 PM org.eclipse.lsp4j.jsonrpc.RemoteEndpoint handleCancellation
AVERTISSEMENT: Unmatched cancel notification for request id 4020
oct. 19, 2024 10:29:32 PM org.eclipse.lsp4j.jsonrpc.RemoteEndpoint handleCancellation
AVERTISSEMENT: Unmatched cancel notification for request id 4247
oct. 19, 2024 10:29:37 PM org.eclipse.lsp4j.jsonrpc.RemoteEndpoint handleCancellation
AVERTISSEMENT: Unmatched cancel notification for request id 4275
oct. 19, 2024 10:30:33 PM org.eclipse.lsp4j.jsonrpc.RemoteEndpoint handleCancellation
AVERTISSEMENT: Unmatched cancel notification for request id 4428
Exception in thread "pool-5-thread-1" java.lang.InterruptedException
	at scala.meta.internal.metals.FutureCancelToken.checkCanceled(FutureCancelToken.scala:29)
	at scala.meta.internal.pc.CompilerAccess.onCompilerJobQueue$$anonfun$1(CompilerAccess.scala:244)
	at scala.meta.internal.pc.CompilerJobQueue$Job.run(CompilerJobQueue.scala:153)
	at java.base/java.util.concurrent.ThreadPoolExecutor.runWorker(ThreadPoolExecutor.java:1144)
	at java.base/java.util.concurrent.ThreadPoolExecutor$Worker.run(ThreadPoolExecutor.java:642)
	at java.base/java.lang.Thread.run(Thread.java:1583)
oct. 19, 2024 10:30:37 PM org.eclipse.lsp4j.jsonrpc.RemoteEndpoint handleCancellation
AVERTISSEMENT: Unmatched cancel notification for request id 4439
oct. 19, 2024 10:30:37 PM org.eclipse.lsp4j.jsonrpc.RemoteEndpoint handleCancellation
AVERTISSEMENT: Unmatched cancel notification for request id 4437
oct. 19, 2024 10:30:37 PM org.eclipse.lsp4j.jsonrpc.RemoteEndpoint handleCancellation
AVERTISSEMENT: Unmatched cancel notification for request id 4441
oct. 19, 2024 10:30:37 PM org.eclipse.lsp4j.jsonrpc.RemoteEndpoint handleCancellation
AVERTISSEMENT: Unmatched cancel notification for request id 4440
oct. 19, 2024 10:30:37 PM org.eclipse.lsp4j.jsonrpc.RemoteEndpoint handleCancellation
AVERTISSEMENT: Unmatched cancel notification for request id 4443
oct. 19, 2024 10:30:39 PM org.eclipse.lsp4j.jsonrpc.RemoteEndpoint handleCancellation
AVERTISSEMENT: Unmatched cancel notification for request id 4445
oct. 19, 2024 10:30:39 PM org.eclipse.lsp4j.jsonrpc.RemoteEndpoint handleCancellation
AVERTISSEMENT: Unmatched cancel notification for request id 4447
oct. 19, 2024 10:30:39 PM org.eclipse.lsp4j.jsonrpc.RemoteEndpoint handleCancellation
AVERTISSEMENT: Unmatched cancel notification for request id 4450
oct. 19, 2024 10:30:39 PM org.eclipse.lsp4j.jsonrpc.RemoteEndpoint handleCancellation
AVERTISSEMENT: Unmatched cancel notification for request id 4451
oct. 19, 2024 10:30:39 PM org.eclipse.lsp4j.jsonrpc.RemoteEndpoint handleCancellation
AVERTISSEMENT: Unmatched cancel notification for request id 4452
oct. 19, 2024 10:30:39 PM org.eclipse.lsp4j.jsonrpc.RemoteEndpoint handleCancellation
AVERTISSEMENT: Unmatched cancel notification for request id 4453
oct. 19, 2024 10:30:39 PM org.eclipse.lsp4j.jsonrpc.RemoteEndpoint handleCancellation
AVERTISSEMENT: Unmatched cancel notification for request id 4454
oct. 19, 2024 10:30:39 PM org.eclipse.lsp4j.jsonrpc.RemoteEndpoint handleCancellation
AVERTISSEMENT: Unmatched cancel notification for request id 4455
oct. 19, 2024 10:30:39 PM org.eclipse.lsp4j.jsonrpc.RemoteEndpoint handleCancellation
AVERTISSEMENT: Unmatched cancel notification for request id 4457
oct. 19, 2024 10:30:39 PM org.eclipse.lsp4j.jsonrpc.RemoteEndpoint handleCancellation
AVERTISSEMENT: Unmatched cancel notification for request id 4458
oct. 19, 2024 10:30:41 PM org.eclipse.lsp4j.jsonrpc.RemoteEndpoint handleCancellation
AVERTISSEMENT: Unmatched cancel notification for request id 4468
oct. 19, 2024 10:30:41 PM org.eclipse.lsp4j.jsonrpc.RemoteEndpoint handleCancellation
AVERTISSEMENT: Unmatched cancel notification for request id 4470
oct. 19, 2024 10:30:41 PM org.eclipse.lsp4j.jsonrpc.RemoteEndpoint handleCancellation
AVERTISSEMENT: Unmatched cancel notification for request id 4469
oct. 19, 2024 10:30:53 PM org.eclipse.lsp4j.jsonrpc.RemoteEndpoint handleCancellation
AVERTISSEMENT: Unmatched cancel notification for request id 4537
oct. 19, 2024 10:30:53 PM org.eclipse.lsp4j.jsonrpc.RemoteEndpoint handleCancellation
AVERTISSEMENT: Unmatched cancel notification for request id 4538
oct. 19, 2024 10:30:53 PM org.eclipse.lsp4j.jsonrpc.RemoteEndpoint handleCancellation
AVERTISSEMENT: Unmatched cancel notification for request id 4539
oct. 19, 2024 10:30:55 PM org.eclipse.lsp4j.jsonrpc.RemoteEndpoint handleCancellation
AVERTISSEMENT: Unmatched cancel notification for request id 4561
oct. 19, 2024 10:30:55 PM org.eclipse.lsp4j.jsonrpc.RemoteEndpoint handleCancellation
AVERTISSEMENT: Unmatched cancel notification for request id 4562
oct. 19, 2024 10:31:11 PM org.eclipse.lsp4j.jsonrpc.RemoteEndpoint handleCancellation
AVERTISSEMENT: Unmatched cancel notification for request id 4640
2024.10.19 22:31:27 WARN  Could not load snapshot text for C:\Users\wergh\cryptage_scala\Algo.scala
2024.10.19 22:31:27 INFO  compiling cryptage_scala_6df3ab5251 (1 scala source)
2024.10.19 22:31:29 WARN  Could not load snapshot text for C:\Users\wergh\cryptage_scala\Algo.scala
2024.10.19 22:31:29 INFO  time: compiled cryptage_scala_6df3ab5251 in 2.72s
2024.10.19 22:31:31 WARN  Could not load snapshot text for C:\Users\wergh\cryptage_scala\Algo.scala
oct. 19, 2024 10:31:38 PM org.eclipse.lsp4j.jsonrpc.services.GenericEndpoint notify
INFOS: Unsupported notification method: $/setTrace
2024.10.19 22:31:38 WARN  Could not load snapshot text for C:\Users\wergh\cryptage_scala\Algo.scala
2024.10.19 22:31:39 WARN  Could not load snapshot text for C:\Users\wergh\cryptage_scala\Algo.scala
oct. 19, 2024 10:31:46 PM org.eclipse.lsp4j.jsonrpc.RemoteEndpoint handleCancellation
AVERTISSEMENT: Unmatched cancel notification for request id 4752
oct. 19, 2024 10:31:46 PM org.eclipse.lsp4j.jsonrpc.RemoteEndpoint handleCancellation
AVERTISSEMENT: Unmatched cancel notification for request id 4753
oct. 19, 2024 10:31:46 PM org.eclipse.lsp4j.jsonrpc.RemoteEndpoint handleCancellation
AVERTISSEMENT: Unmatched cancel notification for request id 4754
oct. 19, 2024 10:31:46 PM org.eclipse.lsp4j.jsonrpc.RemoteEndpoint handleCancellation
AVERTISSEMENT: Unmatched cancel notification for request id 4755
oct. 19, 2024 10:31:46 PM org.eclipse.lsp4j.jsonrpc.RemoteEndpoint handleCancellation
AVERTISSEMENT: Unmatched cancel notification for request id 4756
oct. 19, 2024 10:31:46 PM org.eclipse.lsp4j.jsonrpc.RemoteEndpoint handleCancellation
AVERTISSEMENT: Unmatched cancel notification for request id 4757
oct. 19, 2024 10:31:46 PM org.eclipse.lsp4j.jsonrpc.RemoteEndpoint handleCancellation
AVERTISSEMENT: Unmatched cancel notification for request id 4758
oct. 19, 2024 10:31:46 PM org.eclipse.lsp4j.jsonrpc.RemoteEndpoint handleCancellation
AVERTISSEMENT: Unmatched cancel notification for request id 4759
oct. 19, 2024 10:31:46 PM org.eclipse.lsp4j.jsonrpc.RemoteEndpoint handleCancellation
AVERTISSEMENT: Unmatched cancel notification for request id 4760
2024.10.19 22:31:46 WARN  Could not load snapshot text for C:\Users\wergh\cryptage_scala\Algo.scala
2024.10.19 22:31:48 WARN  Could not load snapshot text for C:\Users\wergh\cryptage_scala\Algo.scala
2024.10.19 22:31:53 INFO  Can not organize imports if file has error
2024.10.19 22:31:53 INFO  compiling cryptage_scala_6df3ab5251 (1 scala source)
2024.10.19 22:31:53 WARN  Could not load snapshot text for C:\Users\wergh\cryptage_scala\Algo.scala
2024.10.19 22:31:55 INFO  time: compiled cryptage_scala_6df3ab5251 in 1.22s
2024.10.19 22:31:55 WARN  Could not load snapshot text for C:\Users\wergh\cryptage_scala\Algo.scala
2024.10.19 22:32:09 WARN  Could not load snapshot text for C:\Users\wergh\cryptage_scala\Algo.scala
oct. 19, 2024 10:32:09 PM org.eclipse.lsp4j.jsonrpc.RemoteEndpoint handleCancellation
AVERTISSEMENT: Unmatched cancel notification for request id 4805
2024.10.19 22:32:09 WARN  Could not load snapshot text for C:\Users\wergh\cryptage_scala\Algo.scala
2024.10.19 22:32:10 WARN  Could not load snapshot text for C:\Users\wergh\cryptage_scala\Algo.scala
2024.10.19 22:32:11 WARN  Could not load snapshot text for C:\Users\wergh\cryptage_scala\Algo.scala
2024.10.19 22:32:12 WARN  Could not load snapshot text for C:\Users\wergh\cryptage_scala\Algo.scala
2024.10.19 22:32:13 WARN  Could not load snapshot text for C:\Users\wergh\cryptage_scala\Algo.scala
2024.10.19 22:32:13 WARN  Could not load snapshot text for C:\Users\wergh\cryptage_scala\Algo.scala
2024.10.19 22:32:24 INFO  Can not organize imports if file has error
2024.10.19 22:32:25 INFO  compiling cryptage_scala_6df3ab5251 (1 scala source)
2024.10.19 22:32:25 WARN  Could not load snapshot text for C:\Users\wergh\cryptage_scala\Algo.scala
2024.10.19 22:32:26 WARN  Could not load snapshot text for C:\Users\wergh\cryptage_scala\Algo.scala
2024.10.19 22:32:28 INFO  time: compiled cryptage_scala_6df3ab5251 in 2.61s
oct. 19, 2024 10:32:57 PM org.eclipse.lsp4j.jsonrpc.RemoteEndpoint handleCancellation
AVERTISSEMENT: Unmatched cancel notification for request id 4862
oct. 19, 2024 10:32:57 PM org.eclipse.lsp4j.jsonrpc.RemoteEndpoint handleCancellation
AVERTISSEMENT: Unmatched cancel notification for request id 4866
oct. 19, 2024 10:32:58 PM org.eclipse.lsp4j.jsonrpc.RemoteEndpoint handleCancellation
AVERTISSEMENT: Unmatched cancel notification for request id 4874
oct. 19, 2024 10:32:59 PM org.eclipse.lsp4j.jsonrpc.RemoteEndpoint handleCancellation
AVERTISSEMENT: Unmatched cancel notification for request id 4893
oct. 19, 2024 10:33:00 PM org.eclipse.lsp4j.jsonrpc.RemoteEndpoint handleCancellation
AVERTISSEMENT: Unmatched cancel notification for request id 4906
oct. 19, 2024 10:33:08 PM org.eclipse.lsp4j.jsonrpc.RemoteEndpoint fallbackResponseError
GRAVE: Internal error: java.lang.StringIndexOutOfBoundsException: Range [818, 854) out of bounds for length 845
java.util.concurrent.CompletionException: java.lang.StringIndexOutOfBoundsException: Range [818, 854) out of bounds for length 845
	at java.base/java.util.concurrent.CompletableFuture.encodeThrowable(CompletableFuture.java:332)
	at java.base/java.util.concurrent.CompletableFuture.completeThrowable(CompletableFuture.java:347)
	at java.base/java.util.concurrent.CompletableFuture$UniAccept.tryFire(CompletableFuture.java:708)
	at java.base/java.util.concurrent.CompletableFuture.postComplete(CompletableFuture.java:510)
	at java.base/java.util.concurrent.CompletableFuture.completeExceptionally(CompletableFuture.java:2194)
	at scala.meta.internal.metals.CancelTokens$.$anonfun$future$1(CancelTokens.scala:40)
	at scala.meta.internal.metals.CancelTokens$.$anonfun$future$1$adapted(CancelTokens.scala:38)
	at scala.concurrent.impl.Promise$Transformation.run(Promise.scala:484)
	at java.base/java.util.concurrent.ThreadPoolExecutor.runWorker(ThreadPoolExecutor.java:1144)
	at java.base/java.util.concurrent.ThreadPoolExecutor$Worker.run(ThreadPoolExecutor.java:642)
	at java.base/java.lang.Thread.run(Thread.java:1583)
Caused by: java.lang.StringIndexOutOfBoundsException: Range [818, 854) out of bounds for length 845
	at java.base/jdk.internal.util.Preconditions$1.apply(Preconditions.java:55)
	at java.base/jdk.internal.util.Preconditions$1.apply(Preconditions.java:52)
	at java.base/jdk.internal.util.Preconditions$4.apply(Preconditions.java:213)
	at java.base/jdk.internal.util.Preconditions$4.apply(Preconditions.java:210)
	at java.base/jdk.internal.util.Preconditions.outOfBounds(Preconditions.java:98)
	at java.base/jdk.internal.util.Preconditions.outOfBoundsCheckFromToIndex(Preconditions.java:112)
	at java.base/jdk.internal.util.Preconditions.checkFromToIndex(Preconditions.java:349)
	at java.base/java.lang.String.checkBoundsBeginEnd(String.java:4865)
	at java.base/java.lang.String.substring(String.java:2834)
	at scala.meta.internal.metals.codeactions.FlatMapToForComprehensionCodeAction.getIndentForPos(FlatMapToForComprehensionCodeAction.scala:679)
	at scala.meta.internal.metals.codeactions.FlatMapToForComprehensionCodeAction.$anonfun$contribute$4(FlatMapToForComprehensionCodeAction.scala:59)
	at scala.Option.map(Option.scala:242)
	at scala.meta.internal.metals.codeactions.FlatMapToForComprehensionCodeAction.$anonfun$contribute$3(FlatMapToForComprehensionCodeAction.scala:55)
	at scala.Option.flatMap(Option.scala:283)
	at scala.meta.internal.metals.codeactions.FlatMapToForComprehensionCodeAction.$anonfun$contribute$2(FlatMapToForComprehensionCodeAction.scala:54)
	at scala.Option.flatMap(Option.scala:283)
	at scala.meta.internal.metals.codeactions.FlatMapToForComprehensionCodeAction.$anonfun$contribute$1(FlatMapToForComprehensionCodeAction.scala:53)
	at scala.concurrent.Future$.$anonfun$apply$1(Future.scala:687)
	at scala.concurrent.impl.Promise$Transformation.run(Promise.scala:467)
	... 3 more

oct. 19, 2024 10:33:08 PM org.eclipse.lsp4j.jsonrpc.RemoteEndpoint fallbackResponseError
GRAVE: Internal error: java.lang.StringIndexOutOfBoundsException: Range [818, 854) out of bounds for length 845
java.util.concurrent.CompletionException: java.lang.StringIndexOutOfBoundsException: Range [818, 854) out of bounds for length 845
	at java.base/java.util.concurrent.CompletableFuture.encodeThrowable(CompletableFuture.java:332)
	at java.base/java.util.concurrent.CompletableFuture.completeThrowable(CompletableFuture.java:347)
	at java.base/java.util.concurrent.CompletableFuture$UniAccept.tryFire(CompletableFuture.java:708)
	at java.base/java.util.concurrent.CompletableFuture.postComplete(CompletableFuture.java:510)
	at java.base/java.util.concurrent.CompletableFuture.completeExceptionally(CompletableFuture.java:2194)
	at scala.meta.internal.metals.CancelTokens$.$anonfun$future$1(CancelTokens.scala:40)
	at scala.meta.internal.metals.CancelTokens$.$anonfun$future$1$adapted(CancelTokens.scala:38)
	at scala.concurrent.impl.Promise$Transformation.run(Promise.scala:484)
	at java.base/java.util.concurrent.ThreadPoolExecutor.runWorker(ThreadPoolExecutor.java:1144)
	at java.base/java.util.concurrent.ThreadPoolExecutor$Worker.run(ThreadPoolExecutor.java:642)
	at java.base/java.lang.Thread.run(Thread.java:1583)
Caused by: java.lang.StringIndexOutOfBoundsException: Range [818, 854) out of bounds for length 845
	at java.base/jdk.internal.util.Preconditions$1.apply(Preconditions.java:55)
	at java.base/jdk.internal.util.Preconditions$1.apply(Preconditions.java:52)
	at java.base/jdk.internal.util.Preconditions$4.apply(Preconditions.java:213)
	at java.base/jdk.internal.util.Preconditions$4.apply(Preconditions.java:210)
	at java.base/jdk.internal.util.Preconditions.outOfBounds(Preconditions.java:98)
	at java.base/jdk.internal.util.Preconditions.outOfBoundsCheckFromToIndex(Preconditions.java:112)
	at java.base/jdk.internal.util.Preconditions.checkFromToIndex(Preconditions.java:349)
	at java.base/java.lang.String.checkBoundsBeginEnd(String.java:4865)
	at java.base/java.lang.String.substring(String.java:2834)
	at scala.meta.internal.metals.codeactions.FlatMapToForComprehensionCodeAction.getIndentForPos(FlatMapToForComprehensionCodeAction.scala:679)
	at scala.meta.internal.metals.codeactions.FlatMapToForComprehensionCodeAction.$anonfun$contribute$4(FlatMapToForComprehensionCodeAction.scala:59)
	at scala.Option.map(Option.scala:242)
	at scala.meta.internal.metals.codeactions.FlatMapToForComprehensionCodeAction.$anonfun$contribute$3(FlatMapToForComprehensionCodeAction.scala:55)
	at scala.Option.flatMap(Option.scala:283)
	at scala.meta.internal.metals.codeactions.FlatMapToForComprehensionCodeAction.$anonfun$contribute$2(FlatMapToForComprehensionCodeAction.scala:54)
	at scala.Option.flatMap(Option.scala:283)
	at scala.meta.internal.metals.codeactions.FlatMapToForComprehensionCodeAction.$anonfun$contribute$1(FlatMapToForComprehensionCodeAction.scala:53)
	at scala.concurrent.Future$.$anonfun$apply$1(Future.scala:687)
	at scala.concurrent.impl.Promise$Transformation.run(Promise.scala:467)
	... 3 more

2024.10.19 22:33:44 INFO  compiling cryptage_scala_6df3ab5251 (1 scala source)
2024.10.19 22:33:46 INFO  time: compiled cryptage_scala_6df3ab5251 in 2.05s
2024.10.19 22:33:48 WARN  Could not load snapshot text for C:\Users\wergh\cryptage_scala\Algo.scala
oct. 19, 2024 10:33:48 PM org.eclipse.lsp4j.jsonrpc.RemoteEndpoint handleCancellation
AVERTISSEMENT: Unmatched cancel notification for request id 5041
2024.10.19 22:33:48 WARN  Could not load snapshot text for C:\Users\wergh\cryptage_scala\Algo.scala
2024.10.19 22:33:49 INFO  compiling cryptage_scala_6df3ab5251 (1 scala source)
2024.10.19 22:33:50 INFO  time: compiled cryptage_scala_6df3ab5251 in 1.26s
oct. 19, 2024 10:34:14 PM org.eclipse.lsp4j.jsonrpc.RemoteEndpoint handleCancellation
AVERTISSEMENT: Unmatched cancel notification for request id 5063
oct. 19, 2024 10:34:14 PM org.eclipse.lsp4j.jsonrpc.RemoteEndpoint handleCancellation
AVERTISSEMENT: Unmatched cancel notification for request id 5065
oct. 19, 2024 10:34:15 PM org.eclipse.lsp4j.jsonrpc.RemoteEndpoint handleCancellation
AVERTISSEMENT: Unmatched cancel notification for request id 5080
2024.10.19 22:34:19 INFO  compiling cryptage_scala_6df3ab5251 (1 scala source)
oct. 19, 2024 10:34:20 PM org.eclipse.lsp4j.jsonrpc.RemoteEndpoint handleCancellation
AVERTISSEMENT: Unmatched cancel notification for request id 5114
2024.10.19 22:34:21 INFO  time: compiled cryptage_scala_6df3ab5251 in 1.31s
2024.10.19 22:35:04 WARN  Could not load snapshot text for C:\Users\wergh\cryptage_scala\Algo.scala
2024.10.19 22:35:04 WARN  Could not load snapshot text for C:\Users\wergh\cryptage_scala\Algo.scala
2024.10.19 22:35:04 WARN  Could not load snapshot text for C:\Users\wergh\cryptage_scala\Algo.scala
2024.10.19 22:35:04 INFO  compiling cryptage_scala_6df3ab5251 (1 scala source)
2024.10.19 22:35:06 INFO  time: compiled cryptage_scala_6df3ab5251 in 1.18s
2024.10.19 22:35:39 INFO  compiling cryptage_scala_6df3ab5251 (1 scala source)
2024.10.19 22:35:40 INFO  time: compiled cryptage_scala_6df3ab5251 in 1.09s
oct. 19, 2024 10:37:25 PM org.eclipse.lsp4j.jsonrpc.RemoteEndpoint handleCancellation
AVERTISSEMENT: Unmatched cancel notification for request id 5422
oct. 19, 2024 10:37:25 PM org.eclipse.lsp4j.jsonrpc.RemoteEndpoint handleCancellation
AVERTISSEMENT: Unmatched cancel notification for request id 5423
2024.10.19 22:43:52 WARN  Could not load snapshot text for C:\Users\wergh\cryptage_scala\Algo.scala
2024.10.19 22:43:52 INFO  compiling cryptage_scala_6df3ab5251 (1 scala source)
2024.10.19 22:43:52 INFO  time: compiled cryptage_scala_6df3ab5251 in 0.53s
2024.10.19 22:43:53 WARN  Could not load snapshot text for C:\Users\wergh\cryptage_scala\Algo.scala
oct. 19, 2024 10:43:57 PM org.eclipse.lsp4j.jsonrpc.RemoteEndpoint handleCancellation
AVERTISSEMENT: Unmatched cancel notification for request id 5730
2024.10.19 22:43:58 WARN  Could not load snapshot text for C:\Users\wergh\cryptage_scala\Algo.scala
2024.10.19 22:43:58 WARN  Could not load snapshot text for C:\Users\wergh\cryptage_scala\Algo.scala
2024.10.19 22:43:58 WARN  Could not load snapshot text for C:\Users\wergh\cryptage_scala\Algo.scala
2024.10.19 22:43:58 WARN  Could not load snapshot text for C:\Users\wergh\cryptage_scala\Algo.scala
2024.10.19 22:43:58 INFO  Can not organize imports if file has error
2024.10.19 22:43:58 WARN  Could not load snapshot text for C:\Users\wergh\cryptage_scala\Algo.scala
2024.10.19 22:43:58 WARN  Could not load snapshot text for C:\Users\wergh\cryptage_scala\Algo.scala
2024.10.19 22:43:59 WARN  Could not load snapshot text for C:\Users\wergh\cryptage_scala\Algo.scala
2024.10.19 22:43:59 INFO  compiling cryptage_scala_6df3ab5251 (1 scala source)
2024.10.19 22:44:00 WARN  Could not load snapshot text for C:\Users\wergh\cryptage_scala\Algo.scala
2024.10.19 22:44:00 INFO  time: compiled cryptage_scala_6df3ab5251 in 1.17s
oct. 19, 2024 10:44:03 PM org.eclipse.lsp4j.jsonrpc.RemoteEndpoint handleCancellation
AVERTISSEMENT: Unmatched cancel notification for request id 5765
oct. 19, 2024 10:44:06 PM org.eclipse.lsp4j.jsonrpc.RemoteEndpoint handleCancellation
AVERTISSEMENT: Unmatched cancel notification for request id 5793
oct. 19, 2024 10:44:06 PM org.eclipse.lsp4j.jsonrpc.RemoteEndpoint handleCancellation
AVERTISSEMENT: Unmatched cancel notification for request id 5794
oct. 19, 2024 10:44:06 PM org.eclipse.lsp4j.jsonrpc.RemoteEndpoint handleCancellation
AVERTISSEMENT: Unmatched cancel notification for request id 5795
oct. 19, 2024 10:44:06 PM org.eclipse.lsp4j.jsonrpc.RemoteEndpoint handleCancellation
AVERTISSEMENT: Unmatched cancel notification for request id 5796
2024.10.19 22:44:09 INFO  compiling cryptage_scala_6df3ab5251 (1 scala source)
2024.10.19 22:44:10 INFO  time: compiled cryptage_scala_6df3ab5251 in 1.11s
2024.10.19 22:45:26 WARN  Could not load snapshot text for C:\Users\wergh\cryptage_scala\Algo.scala
2024.10.19 22:45:27 INFO  compiling cryptage_scala_6df3ab5251 (1 scala source)
2024.10.19 22:45:27 INFO  time: compiled cryptage_scala_6df3ab5251 in 0.81s
oct. 19, 2024 10:45:53 PM org.eclipse.lsp4j.jsonrpc.RemoteEndpoint handleCancellation
AVERTISSEMENT: Unmatched cancel notification for request id 5931
oct. 19, 2024 10:47:44 PM org.eclipse.lsp4j.jsonrpc.RemoteEndpoint handleCancellation
AVERTISSEMENT: Unmatched cancel notification for request id 5970
oct. 19, 2024 10:48:23 PM org.eclipse.lsp4j.jsonrpc.RemoteEndpoint handleCancellation
AVERTISSEMENT: Unmatched cancel notification for request id 6004
oct. 19, 2024 10:49:12 PM org.eclipse.lsp4j.jsonrpc.RemoteEndpoint handleCancellation
AVERTISSEMENT: Unmatched cancel notification for request id 6026
oct. 19, 2024 10:50:17 PM org.eclipse.lsp4j.jsonrpc.RemoteEndpoint handleCancellation
AVERTISSEMENT: Unmatched cancel notification for request id 6049
oct. 19, 2024 10:50:18 PM org.eclipse.lsp4j.jsonrpc.RemoteEndpoint handleCancellation
AVERTISSEMENT: Unmatched cancel notification for request id 6057
oct. 19, 2024 10:50:22 PM org.eclipse.lsp4j.jsonrpc.RemoteEndpoint handleCancellation
AVERTISSEMENT: Unmatched cancel notification for request id 6088
2024.10.19 22:50:23 INFO  compiling cryptage_scala_6df3ab5251 (1 scala source)
2024.10.19 22:50:24 INFO  time: compiled cryptage_scala_6df3ab5251 in 1.05s
oct. 19, 2024 10:51:11 PM org.eclipse.lsp4j.jsonrpc.RemoteEndpoint handleCancellation
AVERTISSEMENT: Unmatched cancel notification for request id 6138
oct. 19, 2024 10:51:14 PM org.eclipse.lsp4j.jsonrpc.RemoteEndpoint handleCancellation
AVERTISSEMENT: Unmatched cancel notification for request id 6159
oct. 19, 2024 10:51:16 PM org.eclipse.lsp4j.jsonrpc.RemoteEndpoint handleCancellation
AVERTISSEMENT: Unmatched cancel notification for request id 6199
oct. 19, 2024 10:51:20 PM org.eclipse.lsp4j.jsonrpc.RemoteEndpoint handleCancellation
AVERTISSEMENT: Unmatched cancel notification for request id 6233
oct. 19, 2024 10:51:20 PM org.eclipse.lsp4j.jsonrpc.RemoteEndpoint handleCancellation
AVERTISSEMENT: Unmatched cancel notification for request id 6235
oct. 19, 2024 10:51:22 PM org.eclipse.lsp4j.jsonrpc.RemoteEndpoint handleCancellation
AVERTISSEMENT: Unmatched cancel notification for request id 6261
2024.10.19 22:51:39 INFO  compiling cryptage_scala_6df3ab5251 (1 scala source)
2024.10.19 22:51:39 WARN  Could not load snapshot text for C:\Users\wergh\cryptage_scala\Algo.scala
2024.10.19 22:51:39 INFO  time: compiled cryptage_scala_6df3ab5251 in 0.93s
2024.10.19 22:52:33 INFO  compiling cryptage_scala_6df3ab5251 (1 scala source)
2024.10.19 22:52:33 INFO  time: compiled cryptage_scala_6df3ab5251 in 0.87s
oct. 19, 2024 10:52:54 PM org.eclipse.lsp4j.jsonrpc.RemoteEndpoint handleCancellation
AVERTISSEMENT: Unmatched cancel notification for request id 6447
2024.10.19 22:52:56 WARN  Could not load snapshot text for C:\Users\wergh\cryptage_scala\Algo.scala
2024.10.19 22:52:56 INFO  compiling cryptage_scala_6df3ab5251 (1 scala source)
2024.10.19 22:52:57 INFO  time: compiled cryptage_scala_6df3ab5251 in 1.06s
oct. 19, 2024 10:56:00 PM org.eclipse.lsp4j.jsonrpc.RemoteEndpoint handleCancellation
AVERTISSEMENT: Unmatched cancel notification for request id 6581
2024.10.19 22:56:07 INFO  compiling cryptage_scala_6df3ab5251 (1 scala source)
2024.10.19 22:56:08 INFO  time: compiled cryptage_scala_6df3ab5251 in 1.51s
oct. 19, 2024 10:56:27 PM org.eclipse.lsp4j.jsonrpc.RemoteEndpoint handleCancellation
AVERTISSEMENT: Unmatched cancel notification for request id 6618
oct. 19, 2024 10:56:31 PM org.eclipse.lsp4j.jsonrpc.RemoteEndpoint handleCancellation
AVERTISSEMENT: Unmatched cancel notification for request id 6629
2024.10.19 22:56:43 WARN  Could not load snapshot text for C:\Users\wergh\cryptage_scala\Algo.scala
2024.10.19 22:56:44 WARN  Could not load snapshot text for C:\Users\wergh\cryptage_scala\Algo.scala
2024.10.19 22:56:44 INFO  compiling cryptage_scala_6df3ab5251 (1 scala source)
2024.10.19 22:56:44 INFO  time: compiled cryptage_scala_6df3ab5251 in 0.95s
oct. 19, 2024 10:56:59 PM org.eclipse.lsp4j.jsonrpc.RemoteEndpoint handleCancellation
AVERTISSEMENT: Unmatched cancel notification for request id 6678
oct. 19, 2024 10:56:59 PM org.eclipse.lsp4j.jsonrpc.RemoteEndpoint handleCancellation
AVERTISSEMENT: Unmatched cancel notification for request id 6679
oct. 19, 2024 10:56:59 PM org.eclipse.lsp4j.jsonrpc.RemoteEndpoint handleCancellation
AVERTISSEMENT: Unmatched cancel notification for request id 6680
oct. 19, 2024 10:56:59 PM org.eclipse.lsp4j.jsonrpc.RemoteEndpoint handleCancellation
AVERTISSEMENT: Unmatched cancel notification for request id 6681
oct. 19, 2024 10:56:59 PM org.eclipse.lsp4j.jsonrpc.RemoteEndpoint handleCancellation
AVERTISSEMENT: Unmatched cancel notification for request id 6682
oct. 19, 2024 10:57:05 PM org.eclipse.lsp4j.jsonrpc.RemoteEndpoint handleCancellation
AVERTISSEMENT: Unmatched cancel notification for request id 6714
oct. 19, 2024 10:57:05 PM org.eclipse.lsp4j.jsonrpc.RemoteEndpoint handleCancellation
AVERTISSEMENT: Unmatched cancel notification for request id 6715
oct. 19, 2024 10:57:05 PM org.eclipse.lsp4j.jsonrpc.RemoteEndpoint handleCancellation
AVERTISSEMENT: Unmatched cancel notification for request id 6716
2024.10.19 22:57:05 INFO  compiling cryptage_scala_6df3ab5251 (1 scala source)
2024.10.19 22:57:05 INFO  time: compiled cryptage_scala_6df3ab5251 in 0.82s
oct. 19, 2024 10:57:07 PM org.eclipse.lsp4j.jsonrpc.RemoteEndpoint handleCancellation
AVERTISSEMENT: Unmatched cancel notification for request id 6724
oct. 19, 2024 10:59:02 PM org.eclipse.lsp4j.jsonrpc.RemoteEndpoint handleCancellation
AVERTISSEMENT: Unmatched cancel notification for request id 6793
2024.10.19 22:59:09 WARN  Could not load snapshot text for C:\Users\wergh\cryptage_scala\Algo.scala
2024.10.19 22:59:09 INFO  compiling cryptage_scala_6df3ab5251 (1 scala source)
2024.10.19 22:59:10 INFO  time: compiled cryptage_scala_6df3ab5251 in 1.11s
2024.10.19 23:00:33 INFO  compiling cryptage_scala_6df3ab5251 (1 scala source)
2024.10.19 23:00:33 INFO  time: compiled cryptage_scala_6df3ab5251 in 0.96s
oct. 19, 2024 11:00:59 PM org.eclipse.lsp4j.jsonrpc.RemoteEndpoint handleCancellation
AVERTISSEMENT: Unmatched cancel notification for request id 6937
2024.10.19 23:01:12 WARN  Could not load snapshot text for C:\Users\wergh\cryptage_scala\Algo.scala
2024.10.19 23:01:12 INFO  compiling cryptage_scala_6df3ab5251 (1 scala source)
2024.10.19 23:01:12 INFO  time: compiled cryptage_scala_6df3ab5251 in 0.93s
oct. 19, 2024 11:01:17 PM org.eclipse.lsp4j.jsonrpc.RemoteEndpoint handleCancellation
AVERTISSEMENT: Unmatched cancel notification for request id 7006
oct. 19, 2024 11:01:28 PM org.eclipse.lsp4j.jsonrpc.RemoteEndpoint handleCancellation
AVERTISSEMENT: Unmatched cancel notification for request id 7021
oct. 19, 2024 11:01:32 PM org.eclipse.lsp4j.jsonrpc.RemoteEndpoint handleCancellation
AVERTISSEMENT: Unmatched cancel notification for request id 7041
oct. 19, 2024 11:01:32 PM org.eclipse.lsp4j.jsonrpc.RemoteEndpoint handleCancellation
AVERTISSEMENT: Unmatched cancel notification for request id 7042
2024.10.19 23:01:34 INFO  compiling cryptage_scala_6df3ab5251 (1 scala source)
2024.10.19 23:01:34 INFO  time: compiled cryptage_scala_6df3ab5251 in 0.72s
oct. 19, 2024 11:01:42 PM org.eclipse.lsp4j.jsonrpc.RemoteEndpoint handleCancellation
AVERTISSEMENT: Unmatched cancel notification for request id 7080
oct. 19, 2024 11:01:42 PM org.eclipse.lsp4j.jsonrpc.RemoteEndpoint handleCancellation
AVERTISSEMENT: Unmatched cancel notification for request id 7081
oct. 19, 2024 11:01:42 PM org.eclipse.lsp4j.jsonrpc.RemoteEndpoint handleCancellation
AVERTISSEMENT: Unmatched cancel notification for request id 7082
oct. 19, 2024 11:01:42 PM org.eclipse.lsp4j.jsonrpc.RemoteEndpoint handleCancellation
AVERTISSEMENT: Unmatched cancel notification for request id 7083
2024.10.19 23:01:51 WARN  Could not load snapshot text for C:\Users\wergh\cryptage_scala\Algo.scala
2024.10.19 23:01:51 INFO  compiling cryptage_scala_6df3ab5251 (1 scala source)
2024.10.19 23:01:51 INFO  time: compiled cryptage_scala_6df3ab5251 in 0.66s
oct. 19, 2024 11:02:16 PM org.eclipse.lsp4j.jsonrpc.RemoteEndpoint handleCancellation
AVERTISSEMENT: Unmatched cancel notification for request id 7208
oct. 19, 2024 11:02:27 PM org.eclipse.lsp4j.jsonrpc.RemoteEndpoint handleCancellation
AVERTISSEMENT: Unmatched cancel notification for request id 7253
2024.10.19 23:02:43 INFO  compiling cryptage_scala_6df3ab5251 (1 scala source)
2024.10.19 23:02:43 INFO  time: compiled cryptage_scala_6df3ab5251 in 0.71s
2024.10.19 23:03:05 WARN  Could not load snapshot text for C:\Users\wergh\cryptage_scala\Algo.scala
2024.10.19 23:03:05 INFO  compiling cryptage_scala_6df3ab5251 (1 scala source)
2024.10.19 23:03:05 INFO  time: compiled cryptage_scala_6df3ab5251 in 0.93s
oct. 19, 2024 11:03:33 PM org.eclipse.lsp4j.jsonrpc.RemoteEndpoint handleCancellation
AVERTISSEMENT: Unmatched cancel notification for request id 7486
oct. 19, 2024 11:03:33 PM org.eclipse.lsp4j.jsonrpc.RemoteEndpoint handleCancellation
AVERTISSEMENT: Unmatched cancel notification for request id 7487
2024.10.19 23:03:38 INFO  compiling cryptage_scala_6df3ab5251 (1 scala source)
2024.10.19 23:03:38 INFO  time: compiled cryptage_scala_6df3ab5251 in 0.83s
oct. 19, 2024 11:03:55 PM org.eclipse.lsp4j.jsonrpc.RemoteEndpoint handleCancellation
AVERTISSEMENT: Unmatched cancel notification for request id 7586
2024.10.19 23:04:02 WARN  Could not load snapshot text for C:\Users\wergh\cryptage_scala\Algo.scala
2024.10.19 23:04:02 INFO  compiling cryptage_scala_6df3ab5251 (1 scala source)
2024.10.19 23:04:02 INFO  time: compiled cryptage_scala_6df3ab5251 in 0.9s
oct. 19, 2024 11:04:04 PM org.eclipse.lsp4j.jsonrpc.RemoteEndpoint handleCancellation
AVERTISSEMENT: Unmatched cancel notification for request id 7687
oct. 19, 2024 11:04:04 PM org.eclipse.lsp4j.jsonrpc.RemoteEndpoint handleCancellation
AVERTISSEMENT: Unmatched cancel notification for request id 7688
2024.10.19 23:04:15 INFO  compiling cryptage_scala_6df3ab5251 (1 scala source)
oct. 19, 2024 11:04:15 PM org.eclipse.lsp4j.jsonrpc.RemoteEndpoint handleCancellation
AVERTISSEMENT: Unmatched cancel notification for request id 7741
oct. 19, 2024 11:04:15 PM org.eclipse.lsp4j.jsonrpc.RemoteEndpoint handleCancellation
AVERTISSEMENT: Unmatched cancel notification for request id 7742
2024.10.19 23:04:15 INFO  time: compiled cryptage_scala_6df3ab5251 in 0.68s
oct. 19, 2024 11:06:46 PM org.eclipse.lsp4j.jsonrpc.RemoteEndpoint handleCancellation
AVERTISSEMENT: Unmatched cancel notification for request id 7774
oct. 19, 2024 11:07:11 PM org.eclipse.lsp4j.jsonrpc.RemoteEndpoint handleCancellation
AVERTISSEMENT: Unmatched cancel notification for request id 7808
oct. 19, 2024 11:08:09 PM org.eclipse.lsp4j.jsonrpc.RemoteEndpoint handleCancellation
AVERTISSEMENT: Unmatched cancel notification for request id 7865
oct. 19, 2024 11:08:10 PM org.eclipse.lsp4j.jsonrpc.RemoteEndpoint handleCancellation
AVERTISSEMENT: Unmatched cancel notification for request id 7877
2024.10.19 23:08:17 WARN  Could not load snapshot text for C:\Users\wergh\cryptage_scala\Algo.scala
2024.10.19 23:08:17 INFO  compiling cryptage_scala_6df3ab5251 (1 scala source)
2024.10.19 23:08:18 INFO  time: compiled cryptage_scala_6df3ab5251 in 1.04s
oct. 19, 2024 11:11:29 PM org.eclipse.lsp4j.jsonrpc.RemoteEndpoint handleCancellation
AVERTISSEMENT: Unmatched cancel notification for request id 7997
oct. 19, 2024 11:11:29 PM org.eclipse.lsp4j.jsonrpc.RemoteEndpoint handleCancellation
AVERTISSEMENT: Unmatched cancel notification for request id 7998
oct. 19, 2024 11:11:29 PM org.eclipse.lsp4j.jsonrpc.RemoteEndpoint handleCancellation
AVERTISSEMENT: Unmatched cancel notification for request id 7999
oct. 19, 2024 11:11:29 PM org.eclipse.lsp4j.jsonrpc.RemoteEndpoint handleCancellation
AVERTISSEMENT: Unmatched cancel notification for request id 8000
oct. 19, 2024 11:11:30 PM org.eclipse.lsp4j.jsonrpc.RemoteEndpoint handleCancellation
AVERTISSEMENT: Unmatched cancel notification for request id 8001
oct. 19, 2024 11:11:30 PM org.eclipse.lsp4j.jsonrpc.RemoteEndpoint handleCancellation
AVERTISSEMENT: Unmatched cancel notification for request id 8002
oct. 19, 2024 11:11:30 PM org.eclipse.lsp4j.jsonrpc.RemoteEndpoint handleCancellation
AVERTISSEMENT: Unmatched cancel notification for request id 8003
oct. 19, 2024 11:11:30 PM org.eclipse.lsp4j.jsonrpc.RemoteEndpoint handleCancellation
AVERTISSEMENT: Unmatched cancel notification for request id 8004
oct. 19, 2024 11:11:30 PM org.eclipse.lsp4j.jsonrpc.RemoteEndpoint handleCancellation
AVERTISSEMENT: Unmatched cancel notification for request id 8006
oct. 19, 2024 11:11:30 PM org.eclipse.lsp4j.jsonrpc.RemoteEndpoint handleCancellation
AVERTISSEMENT: Unmatched cancel notification for request id 8008
oct. 19, 2024 11:11:30 PM org.eclipse.lsp4j.jsonrpc.RemoteEndpoint handleCancellation
AVERTISSEMENT: Unmatched cancel notification for request id 8009
oct. 19, 2024 11:11:31 PM org.eclipse.lsp4j.jsonrpc.RemoteEndpoint handleCancellation
AVERTISSEMENT: Unmatched cancel notification for request id 8010
oct. 19, 2024 11:11:31 PM org.eclipse.lsp4j.jsonrpc.RemoteEndpoint handleCancellation
AVERTISSEMENT: Unmatched cancel notification for request id 8011
oct. 19, 2024 11:11:31 PM org.eclipse.lsp4j.jsonrpc.RemoteEndpoint handleCancellation
AVERTISSEMENT: Unmatched cancel notification for request id 8012
oct. 19, 2024 11:11:31 PM org.eclipse.lsp4j.jsonrpc.RemoteEndpoint handleCancellation
AVERTISSEMENT: Unmatched cancel notification for request id 8014
oct. 19, 2024 11:11:31 PM org.eclipse.lsp4j.jsonrpc.RemoteEndpoint handleCancellation
AVERTISSEMENT: Unmatched cancel notification for request id 8015
oct. 19, 2024 11:11:31 PM org.eclipse.lsp4j.jsonrpc.RemoteEndpoint handleCancellation
AVERTISSEMENT: Unmatched cancel notification for request id 8017
oct. 19, 2024 11:11:31 PM org.eclipse.lsp4j.jsonrpc.RemoteEndpoint handleCancellation
AVERTISSEMENT: Unmatched cancel notification for request id 8018
oct. 19, 2024 11:11:31 PM org.eclipse.lsp4j.jsonrpc.RemoteEndpoint handleCancellation
AVERTISSEMENT: Unmatched cancel notification for request id 8019
oct. 19, 2024 11:11:31 PM org.eclipse.lsp4j.jsonrpc.RemoteEndpoint handleCancellation
AVERTISSEMENT: Unmatched cancel notification for request id 8020
oct. 19, 2024 11:11:31 PM org.eclipse.lsp4j.jsonrpc.RemoteEndpoint handleCancellation
AVERTISSEMENT: Unmatched cancel notification for request id 8021
oct. 19, 2024 11:11:31 PM org.eclipse.lsp4j.jsonrpc.RemoteEndpoint handleCancellation
AVERTISSEMENT: Unmatched cancel notification for request id 8022
oct. 19, 2024 11:11:31 PM org.eclipse.lsp4j.jsonrpc.RemoteEndpoint handleCancellation
AVERTISSEMENT: Unmatched cancel notification for request id 8023
oct. 19, 2024 11:11:31 PM org.eclipse.lsp4j.jsonrpc.RemoteEndpoint handleCancellation
AVERTISSEMENT: Unmatched cancel notification for request id 8024
oct. 19, 2024 11:11:31 PM org.eclipse.lsp4j.jsonrpc.RemoteEndpoint handleCancellation
AVERTISSEMENT: Unmatched cancel notification for request id 8025
oct. 19, 2024 11:11:31 PM org.eclipse.lsp4j.jsonrpc.RemoteEndpoint handleCancellation
AVERTISSEMENT: Unmatched cancel notification for request id 8026
oct. 19, 2024 11:11:31 PM org.eclipse.lsp4j.jsonrpc.RemoteEndpoint handleCancellation
AVERTISSEMENT: Unmatched cancel notification for request id 8027
oct. 19, 2024 11:11:35 PM org.eclipse.lsp4j.jsonrpc.RemoteEndpoint handleCancellation
AVERTISSEMENT: Unmatched cancel notification for request id 8048
2024.10.19 23:11:43 INFO  compiling cryptage_scala_6df3ab5251 (1 scala source)
2024.10.19 23:11:43 INFO  time: compiled cryptage_scala_6df3ab5251 in 0.89s
2024.10.19 23:11:59 WARN  Could not load snapshot text for C:\Users\wergh\cryptage_scala\Algo.scala
2024.10.19 23:11:59 INFO  compiling cryptage_scala_6df3ab5251 (1 scala source)
2024.10.19 23:11:59 INFO  time: compiled cryptage_scala_6df3ab5251 in 0.94s
2024.10.19 23:12:38 INFO  compiling cryptage_scala_6df3ab5251 (1 scala source)
2024.10.19 23:12:38 INFO  Deduplicating compilation of cryptage_scala_6df3ab5251 from bsp client 'scala-cli 1.5.0' (since 1h 8m 16.637s)
2024.10.19 23:12:38 INFO  compiling cryptage_scala_6df3ab5251 (1 scala source)
2024.10.19 23:12:39 INFO  time: compiled cryptage_scala_6df3ab5251 in 0.66s
2024.10.19 23:12:39 INFO  BSP server: Oct 19, 2024 11:12:39 PM org.eclipse.lsp4j.jsonrpc.RemoteEndpoint fallbackResponseError
2024.10.19 23:12:39 INFO  BSP server: SEVERE: Internal error: java.nio.file.FileSystemException: C:\Users\wergh\cryptage_scala\.scala-build\cryptage_scala_6df3ab5251\classes\main\Algo.class: Le processus ne peut pas accder au fichier car ce fichier est utilis par un autre processus
2024.10.19 23:12:39 INFO  BSP server: java.util.concurrent.CompletionException: java.nio.file.FileSystemException: C:\Users\wergh\cryptage_scala\.scala-build\cryptage_scala_6df3ab5251\classes\main\Algo.class: Le processus ne peut pas accder au fichier car ce fichier est utilis par un autre processus
2024.10.19 23:12:39 INFO  BSP server: 	at java.base@17.0.6/java.util.concurrent.CompletableFuture.encodeThrowable(CompletableFuture.java:315)
2024.10.19 23:12:39 INFO  BSP server: 	at java.base@17.0.6/java.util.concurrent.CompletableFuture.completeThrowable(CompletableFuture.java:320)
2024.10.19 23:12:39 INFO  BSP server: 	at java.base@17.0.6/java.util.concurrent.CompletableFuture$AsyncSupply.run(CompletableFuture.java:1770)
2024.10.19 23:12:39 INFO  BSP server: 	at java.base@17.0.6/java.util.concurrent.ThreadPoolExecutor.runWorker(ThreadPoolExecutor.java:1136)
2024.10.19 23:12:39 INFO  BSP server: 	at java.base@17.0.6/java.util.concurrent.ThreadPoolExecutor$Worker.run(ThreadPoolExecutor.java:635)
2024.10.19 23:12:39 INFO  BSP server: 	at java.base@17.0.6/java.lang.Thread.run(Thread.java:833)
2024.10.19 23:12:39 INFO  BSP server: 	at com.oracle.svm.core.thread.PlatformThreads.threadStartRoutine(PlatformThreads.java:775)
2024.10.19 23:12:39 INFO  BSP server: 	at com.oracle.svm.core.windows.WindowsPlatformThreads.osThreadStartRoutine(WindowsPlatformThreads.java:178)
2024.10.19 23:12:39 INFO  BSP server: Caused by: java.nio.file.FileSystemException: C:\Users\wergh\cryptage_scala\.scala-build\cryptage_scala_6df3ab5251\classes\main\Algo.class: Le processus ne peut pas accder au fichier car ce fichier est utilis par un autre processus
2024.10.19 23:12:39 INFO  BSP server: 	at java.base@17.0.6/sun.nio.fs.WindowsFileSystemProvider.newByteChannel(WindowsFileSystemProvider.java:236)
2024.10.19 23:12:39 INFO  BSP server: 	at java.base@17.0.6/java.nio.file.Files.newByteChannel(Files.java:380)
2024.10.19 23:12:39 INFO  BSP server: 	at java.base@17.0.6/java.nio.file.Files.newByteChannel(Files.java:432)
2024.10.19 23:12:39 INFO  BSP server: 	at java.base@17.0.6/java.nio.file.spi.FileSystemProvider.newInputStream(FileSystemProvider.java:422)
2024.10.19 23:12:39 INFO  BSP server: 	at java.base@17.0.6/java.nio.file.Files.newInputStream(Files.java:160)
2024.10.19 23:12:39 INFO  BSP server: 	at os.Path.getInputStream(Path.scala:540)
2024.10.19 23:12:39 INFO  BSP server: 	at os.read$inputStream$.apply(ReadWriteOps.scala:244)
2024.10.19 23:12:39 INFO  BSP server: 	at scala.build.postprocessing.AsmPositionUpdater$.postProcess$$anonfun$3(AsmPositionUpdater.scala:56)
2024.10.19 23:12:39 INFO  BSP server: 	at scala.runtime.function.JProcedure1.apply(JProcedure1.java:15)
2024.10.19 23:12:39 INFO  BSP server: 	at scala.runtime.function.JProcedure1.apply(JProcedure1.java:10)
2024.10.19 23:12:39 INFO  BSP server: 	at scala.collection.IterableOnceOps.foreach(IterableOnce.scala:619)
2024.10.19 23:12:39 INFO  BSP server: 	at scala.collection.IterableOnceOps.foreach$(IterableOnce.scala:617)
2024.10.19 23:12:39 INFO  BSP server: 	at scala.collection.AbstractIterator.foreach(Iterator.scala:1303)
2024.10.19 23:12:39 INFO  BSP server: 	at scala.build.postprocessing.AsmPositionUpdater$.postProcess(AsmPositionUpdater.scala:70)
2024.10.19 23:12:39 INFO  BSP server: 	at scala.build.postprocessing.ByteCodePostProcessor$.postProcess(ByteCodePostProcessor.scala:17)
2024.10.19 23:12:39 INFO  BSP server: 	at scala.build.Build$.$anonfun$57(Build.scala:1182)
2024.10.19 23:12:39 INFO  BSP server: 	at scala.collection.immutable.List.flatMap(List.scala:294)
2024.10.19 23:12:39 INFO  BSP server: 	at scala.collection.immutable.List.flatMap(List.scala:79)
2024.10.19 23:12:39 INFO  BSP server: 	at scala.build.Build$.postProcess(Build.scala:1184)
2024.10.19 23:12:39 INFO  BSP server: 	at scala.build.bsp.BspImpl.doPostProcess$1$$anonfun$2(BspImpl.scala:366)
2024.10.19 23:12:39 INFO  BSP server: 	at scala.runtime.function.JProcedure1.apply(JProcedure1.java:15)
2024.10.19 23:12:39 INFO  BSP server: 	at scala.runtime.function.JProcedure1.apply(JProcedure1.java:10)
2024.10.19 23:12:39 INFO  BSP server: 	at scala.Option.foreach(Option.scala:437)
2024.10.19 23:12:39 INFO  BSP server: 	at scala.build.bsp.BspImpl.doPostProcess$1(BspImpl.scala:367)
2024.10.19 23:12:39 INFO  BSP server: 	at scala.build.bsp.BspImpl.compile$$anonfun$1$$anonfun$3$$anonfun$1(BspImpl.scala:372)
2024.10.19 23:12:39 INFO  BSP server: 	at java.base@17.0.6/java.util.concurrent.CompletableFuture$AsyncSupply.run(CompletableFuture.java:1768)
2024.10.19 23:12:39 INFO  BSP server: 	... 5 more
2024.10.19 23:12:39 INFO  BSP server: 
2024.10.19 23:12:39 INFO  Cancelling compilation on scala-cli server
org.eclipse.lsp4j.jsonrpc.ResponseErrorException: Internal error.
	at org.eclipse.lsp4j.jsonrpc.RemoteEndpoint.handleResponse(RemoteEndpoint.java:220)
	at org.eclipse.lsp4j.jsonrpc.RemoteEndpoint.consume(RemoteEndpoint.java:204)
	at scala.meta.internal.metals.RequestMonitorImpl$$anon$1.consume(ServerLivenessMonitor.scala:41)
	at org.eclipse.lsp4j.jsonrpc.json.StreamMessageProducer.handleMessage(StreamMessageProducer.java:185)
	at org.eclipse.lsp4j.jsonrpc.json.StreamMessageProducer.listen(StreamMessageProducer.java:97)
	at org.eclipse.lsp4j.jsonrpc.json.ConcurrentMessageProcessor.run(ConcurrentMessageProcessor.java:114)
	at java.util.concurrent.Executors$RunnableAdapter.call(Executors.java:572)
	at java.util.concurrent.FutureTask.run(FutureTask.java:317)
	at java.util.concurrent.ThreadPoolExecutor.runWorker(ThreadPoolExecutor.java:1144)
	at java.util.concurrent.ThreadPoolExecutor$Worker.run(ThreadPoolExecutor.java:642)
	at java.lang.Thread.run(Thread.java:1583)

2024.10.19 23:12:40 WARN  Could not load snapshot text for C:\Users\wergh\cryptage_scala\Algo.scala
2024.10.19 23:12:41 INFO  compiling cryptage_scala_6df3ab5251 (1 scala source)
2024.10.19 23:12:41 INFO  time: compiled cryptage_scala_6df3ab5251 in 0.98s
2024.10.19 23:14:28 INFO  compiling cryptage_scala_6df3ab5251 (1 scala source)
2024.10.19 23:14:30 INFO  time: compiled cryptage_scala_6df3ab5251 in 1.21s
2024.10.19 23:15:36 WARN  Could not load snapshot text for C:\Users\wergh\cryptage_scala\Algo.scala
2024.10.19 23:15:36 INFO  compiling cryptage_scala_6df3ab5251 (1 scala source)
2024.10.19 23:15:37 WARN  Could not load snapshot text for C:\Users\wergh\cryptage_scala\Algo.scala
2024.10.19 23:15:36 INFO  time: compiled cryptage_scala_6df3ab5251 in 0.84s
oct. 19, 2024 11:19:19 PM org.eclipse.lsp4j.jsonrpc.RemoteEndpoint handleCancellation
AVERTISSEMENT: Unmatched cancel notification for request id 8375
oct. 19, 2024 11:23:07 PM org.eclipse.lsp4j.jsonrpc.RemoteEndpoint handleNotification
AVERTISSEMENT: Notification threw an exception: {
  "jsonrpc": "2.0",
  "method": "metals/didFocusTextDocument",
  "params": [
    "vscode-chat-code-block://0a3e3538-d874-45d9-8f9a-5567871e9935/response_7/0#%7B%22references%22%3A%5B%7B%22uri%22%3A%7B%22%24mid%22%3A1%2C%22fsPath%22%3A%22c%3A%5C%5CUsers%5C%5Cwergh%5C%5Ccryptage_scala%5C%5CAlgo.scala%22%2C%22_sep%22%3A1%2C%22external%22%3A%22file%3A%2F%2F%2Fc%253A%2FUsers%2Fwergh%2Fcryptage_scala%2FAlgo.scala%22%2C%22path%22%3A%22%2Fc%3A%2FUsers%2Fwergh%2Fcryptage_scala%2FAlgo.scala%22%2C%22scheme%22%3A%22file%22%7D%2C%22range%22%3A%7B%22startLineNumber%22%3A22%2C%22startColumn%22%3A5%2C%22endLineNumber%22%3A26%2C%22endColumn%22%3A9%7D%7D%5D%7D"
  ]
}
java.nio.file.FileSystemNotFoundException: Provider "vscode-chat-code-block" not installed
	at java.base/java.nio.file.Path.of(Path.java:213)
	at java.base/java.nio.file.Paths.get(Paths.java:98)
	at scala.meta.internal.mtags.MtagsEnrichments$XtensionURIMtags.toAbsolutePath(MtagsEnrichments.scala:130)
	at scala.meta.internal.mtags.MtagsEnrichments$XtensionStringMtags.toAbsolutePath(MtagsEnrichments.scala:187)
	at scala.meta.internal.metals.MetalsEnrichments$XtensionString.toAbsolutePath(MetalsEnrichments.scala:773)
	at scala.meta.internal.metals.MetalsEnrichments$XtensionString.toAbsolutePath(MetalsEnrichments.scala:770)
	at scala.meta.internal.metals.WorkspaceLspService.didFocus(WorkspaceLspService.scala:698)
	at scala.meta.metals.lsp.DelegatingScalaService.didFocus(DelegatingScalaService.scala:43)
	at java.base/jdk.internal.reflect.DirectMethodHandleAccessor.invoke(DirectMethodHandleAccessor.java:103)
	at java.base/java.lang.reflect.Method.invoke(Method.java:580)
	at org.eclipse.lsp4j.jsonrpc.services.GenericEndpoint.lambda$recursiveFindRpcMethods$0(GenericEndpoint.java:65)
	at org.eclipse.lsp4j.jsonrpc.services.GenericEndpoint.notify(GenericEndpoint.java:160)
	at org.eclipse.lsp4j.jsonrpc.RemoteEndpoint.handleNotification(RemoteEndpoint.java:231)
	at org.eclipse.lsp4j.jsonrpc.RemoteEndpoint.consume(RemoteEndpoint.java:198)
	at org.eclipse.lsp4j.jsonrpc.json.StreamMessageProducer.handleMessage(StreamMessageProducer.java:185)
	at org.eclipse.lsp4j.jsonrpc.json.StreamMessageProducer.listen(StreamMessageProducer.java:97)
	at org.eclipse.lsp4j.jsonrpc.json.ConcurrentMessageProcessor.run(ConcurrentMessageProcessor.java:114)
	at java.base/java.util.concurrent.Executors$RunnableAdapter.call(Executors.java:572)
	at java.base/java.util.concurrent.FutureTask.run(FutureTask.java:317)
	at java.base/java.util.concurrent.ThreadPoolExecutor.runWorker(ThreadPoolExecutor.java:1144)
	at java.base/java.util.concurrent.ThreadPoolExecutor$Worker.run(ThreadPoolExecutor.java:642)
	at java.base/java.lang.Thread.run(Thread.java:1583)

2024.10.19 23:23:26 INFO  compiling cryptage_scala_6df3ab5251 (1 scala source)
2024.10.19 23:23:26 INFO  time: compiled cryptage_scala_6df3ab5251 in 0.69s
oct. 19, 2024 11:24:33 PM org.eclipse.lsp4j.jsonrpc.RemoteEndpoint handleNotification
AVERTISSEMENT: Notification threw an exception: {
  "jsonrpc": "2.0",
  "method": "metals/didFocusTextDocument",
  "params": [
    "vscode-chat-code-block://0a3e3538-d874-45d9-8f9a-5567871e9935/response_9/0#%7B%22references%22%3A%5B%7B%22uri%22%3A%7B%22%24mid%22%3A1%2C%22fsPath%22%3A%22c%3A%5C%5CUsers%5C%5Cwergh%5C%5Ccryptage_scala%5C%5CAlgo.scala%22%2C%22_sep%22%3A1%2C%22external%22%3A%22file%3A%2F%2F%2Fc%253A%2FUsers%2Fwergh%2Fcryptage_scala%2FAlgo.scala%22%2C%22path%22%3A%22%2Fc%3A%2FUsers%2Fwergh%2Fcryptage_scala%2FAlgo.scala%22%2C%22scheme%22%3A%22file%22%7D%2C%22range%22%3A%7B%22startLineNumber%22%3A1%2C%22startColumn%22%3A1%2C%22endLineNumber%22%3A27%2C%22endColumn%22%3A1%7D%7D%5D%7D"
  ]
}
java.nio.file.FileSystemNotFoundException: Provider "vscode-chat-code-block" not installed
	at java.base/java.nio.file.Path.of(Path.java:213)
	at java.base/java.nio.file.Paths.get(Paths.java:98)
	at scala.meta.internal.mtags.MtagsEnrichments$XtensionURIMtags.toAbsolutePath(MtagsEnrichments.scala:130)
	at scala.meta.internal.mtags.MtagsEnrichments$XtensionStringMtags.toAbsolutePath(MtagsEnrichments.scala:187)
	at scala.meta.internal.metals.MetalsEnrichments$XtensionString.toAbsolutePath(MetalsEnrichments.scala:773)
	at scala.meta.internal.metals.MetalsEnrichments$XtensionString.toAbsolutePath(MetalsEnrichments.scala:770)
	at scala.meta.internal.metals.WorkspaceLspService.didFocus(WorkspaceLspService.scala:698)
	at scala.meta.metals.lsp.DelegatingScalaService.didFocus(DelegatingScalaService.scala:43)
	at java.base/jdk.internal.reflect.DirectMethodHandleAccessor.invoke(DirectMethodHandleAccessor.java:103)
	at java.base/java.lang.reflect.Method.invoke(Method.java:580)
	at org.eclipse.lsp4j.jsonrpc.services.GenericEndpoint.lambda$recursiveFindRpcMethods$0(GenericEndpoint.java:65)
	at org.eclipse.lsp4j.jsonrpc.services.GenericEndpoint.notify(GenericEndpoint.java:160)
	at org.eclipse.lsp4j.jsonrpc.RemoteEndpoint.handleNotification(RemoteEndpoint.java:231)
	at org.eclipse.lsp4j.jsonrpc.RemoteEndpoint.consume(RemoteEndpoint.java:198)
	at org.eclipse.lsp4j.jsonrpc.json.StreamMessageProducer.handleMessage(StreamMessageProducer.java:185)
	at org.eclipse.lsp4j.jsonrpc.json.StreamMessageProducer.listen(StreamMessageProducer.java:97)
	at org.eclipse.lsp4j.jsonrpc.json.ConcurrentMessageProcessor.run(ConcurrentMessageProcessor.java:114)
	at java.base/java.util.concurrent.Executors$RunnableAdapter.call(Executors.java:572)
	at java.base/java.util.concurrent.FutureTask.run(FutureTask.java:317)
	at java.base/java.util.concurrent.ThreadPoolExecutor.runWorker(ThreadPoolExecutor.java:1144)
	at java.base/java.util.concurrent.ThreadPoolExecutor$Worker.run(ThreadPoolExecutor.java:642)
	at java.base/java.lang.Thread.run(Thread.java:1583)

2024.10.19 23:24:52 WARN  Could not load snapshot text for C:\Users\wergh\cryptage_scala\Algo.scala
2024.10.19 23:24:52 WARN  Could not load snapshot text for C:\Users\wergh\cryptage_scala\Algo.scala
2024.10.19 23:24:52 WARN  Could not load snapshot text for C:\Users\wergh\cryptage_scala\Algo.scala
2024.10.19 23:24:52 WARN  Could not load snapshot text for C:\Users\wergh\cryptage_scala\Algo.scala
2024.10.19 23:24:53 INFO  compiling cryptage_scala_6df3ab5251 (1 scala source)
2024.10.19 23:24:53 WARN  Could not load snapshot text for C:\Users\wergh\cryptage_scala\Algo.scala
2024.10.19 23:24:53 INFO  time: compiled cryptage_scala_6df3ab5251 in 0.95s
2024.10.19 23:26:17 INFO  compiling cryptage_scala_6df3ab5251 (1 scala source)
2024.10.19 23:26:17 INFO  time: compiled cryptage_scala_6df3ab5251 in 0.87s
oct. 19, 2024 11:26:27 PM org.eclipse.lsp4j.jsonrpc.RemoteEndpoint handleCancellation
AVERTISSEMENT: Unmatched cancel notification for request id 8670
2024.10.19 23:26:33 INFO  compiling cryptage_scala_6df3ab5251 (1 scala source)
2024.10.19 23:26:33 WARN  Could not load snapshot text for C:\Users\wergh\cryptage_scala\Algo.scala
2024.10.19 23:26:33 INFO  time: compiled cryptage_scala_6df3ab5251 in 0.91s
oct. 19, 2024 11:26:46 PM org.eclipse.lsp4j.jsonrpc.RemoteEndpoint handleCancellation
AVERTISSEMENT: Unmatched cancel notification for request id 8788
2024.10.19 23:26:48 INFO  compiling cryptage_scala_6df3ab5251 (1 scala source)
2024.10.19 23:26:48 INFO  time: compiled cryptage_scala_6df3ab5251 in 0.72s
oct. 19, 2024 11:27:35 PM org.eclipse.lsp4j.jsonrpc.RemoteEndpoint handleNotification
AVERTISSEMENT: Notification threw an exception: {
  "jsonrpc": "2.0",
  "method": "metals/didFocusTextDocument",
  "params": [
    "vscode-chat-code-block://0a3e3538-d874-45d9-8f9a-5567871e9935/response_10/0#%7B%22references%22%3A%5B%7B%22uri%22%3A%7B%22%24mid%22%3A1%2C%22fsPath%22%3A%22c%3A%5C%5CUsers%5C%5Cwergh%5C%5Ccryptage_scala%5C%5CAlgo.scala%22%2C%22_sep%22%3A1%2C%22external%22%3A%22file%3A%2F%2F%2Fc%253A%2FUsers%2Fwergh%2Fcryptage_scala%2FAlgo.scala%22%2C%22path%22%3A%22%2Fc%3A%2FUsers%2Fwergh%2Fcryptage_scala%2FAlgo.scala%22%2C%22scheme%22%3A%22file%22%7D%2C%22range%22%3A%7B%22startLineNumber%22%3A1%2C%22startColumn%22%3A1%2C%22endLineNumber%22%3A27%2C%22endColumn%22%3A1%7D%7D%5D%7D"
  ]
}
java.nio.file.FileSystemNotFoundException: Provider "vscode-chat-code-block" not installed
	at java.base/java.nio.file.Path.of(Path.java:213)
	at java.base/java.nio.file.Paths.get(Paths.java:98)
	at scala.meta.internal.mtags.MtagsEnrichments$XtensionURIMtags.toAbsolutePath(MtagsEnrichments.scala:130)
	at scala.meta.internal.mtags.MtagsEnrichments$XtensionStringMtags.toAbsolutePath(MtagsEnrichments.scala:187)
	at scala.meta.internal.metals.MetalsEnrichments$XtensionString.toAbsolutePath(MetalsEnrichments.scala:773)
	at scala.meta.internal.metals.MetalsEnrichments$XtensionString.toAbsolutePath(MetalsEnrichments.scala:770)
	at scala.meta.internal.metals.WorkspaceLspService.didFocus(WorkspaceLspService.scala:698)
	at scala.meta.metals.lsp.DelegatingScalaService.didFocus(DelegatingScalaService.scala:43)
	at java.base/jdk.internal.reflect.DirectMethodHandleAccessor.invoke(DirectMethodHandleAccessor.java:103)
	at java.base/java.lang.reflect.Method.invoke(Method.java:580)
	at org.eclipse.lsp4j.jsonrpc.services.GenericEndpoint.lambda$recursiveFindRpcMethods$0(GenericEndpoint.java:65)
	at org.eclipse.lsp4j.jsonrpc.services.GenericEndpoint.notify(GenericEndpoint.java:160)
	at org.eclipse.lsp4j.jsonrpc.RemoteEndpoint.handleNotification(RemoteEndpoint.java:231)
	at org.eclipse.lsp4j.jsonrpc.RemoteEndpoint.consume(RemoteEndpoint.java:198)
	at org.eclipse.lsp4j.jsonrpc.json.StreamMessageProducer.handleMessage(StreamMessageProducer.java:185)
	at org.eclipse.lsp4j.jsonrpc.json.StreamMessageProducer.listen(StreamMessageProducer.java:97)
	at org.eclipse.lsp4j.jsonrpc.json.ConcurrentMessageProcessor.run(ConcurrentMessageProcessor.java:114)
	at java.base/java.util.concurrent.Executors$RunnableAdapter.call(Executors.java:572)
	at java.base/java.util.concurrent.FutureTask.run(FutureTask.java:317)
	at java.base/java.util.concurrent.ThreadPoolExecutor.runWorker(ThreadPoolExecutor.java:1144)
	at java.base/java.util.concurrent.ThreadPoolExecutor$Worker.run(ThreadPoolExecutor.java:642)
	at java.base/java.lang.Thread.run(Thread.java:1583)

oct. 19, 2024 11:27:46 PM org.eclipse.lsp4j.jsonrpc.RemoteEndpoint handleCancellation
AVERTISSEMENT: Unmatched cancel notification for request id 8843
2024.10.19 23:27:46 WARN  Could not load snapshot text for C:\Users\wergh\cryptage_scala\Algo.scala
2024.10.19 23:27:46 WARN  Could not load snapshot text for C:\Users\wergh\cryptage_scala\Algo.scala
2024.10.19 23:27:46 INFO  compiling cryptage_scala_6df3ab5251 (1 scala source)
2024.10.19 23:27:46 INFO  time: compiled cryptage_scala_6df3ab5251 in 0.67s
oct. 19, 2024 11:28:19 PM org.eclipse.lsp4j.jsonrpc.RemoteEndpoint handleCancellation
AVERTISSEMENT: Unmatched cancel notification for request id 8879
2024.10.19 23:28:21 INFO  compiling cryptage_scala_6df3ab5251 (1 scala source)
2024.10.19 23:28:21 INFO  time: compiled cryptage_scala_6df3ab5251 in 0.78s
oct. 19, 2024 11:28:29 PM org.eclipse.lsp4j.jsonrpc.RemoteEndpoint handleCancellation
AVERTISSEMENT: Unmatched cancel notification for request id 8911
2024.10.19 23:28:48 INFO  compiling cryptage_scala_6df3ab5251 (1 scala source)
2024.10.19 23:28:48 INFO  time: compiled cryptage_scala_6df3ab5251 in 0.58s
oct. 19, 2024 11:28:51 PM org.eclipse.lsp4j.jsonrpc.RemoteEndpoint handleCancellation
AVERTISSEMENT: Unmatched cancel notification for request id 8973
2024.10.19 23:28:59 WARN  Could not load snapshot text for C:\Users\wergh\cryptage_scala\Algo.scala
2024.10.19 23:28:59 INFO  compiling cryptage_scala_6df3ab5251 (1 scala source)
2024.10.19 23:28:59 INFO  time: compiled cryptage_scala_6df3ab5251 in 0.66s
oct. 19, 2024 11:29:13 PM org.eclipse.lsp4j.jsonrpc.RemoteEndpoint handleCancellation
AVERTISSEMENT: Unmatched cancel notification for request id 9059
oct. 19, 2024 11:29:13 PM org.eclipse.lsp4j.jsonrpc.RemoteEndpoint handleCancellation
AVERTISSEMENT: Unmatched cancel notification for request id 9062
2024.10.19 23:29:26 INFO  compiling cryptage_scala_6df3ab5251 (1 scala source)
2024.10.19 23:29:27 INFO  time: compiled cryptage_scala_6df3ab5251 in 1.29s
oct. 19, 2024 11:29:33 PM org.eclipse.lsp4j.jsonrpc.RemoteEndpoint handleCancellation
AVERTISSEMENT: Unmatched cancel notification for request id 9186
oct. 19, 2024 11:29:43 PM org.eclipse.lsp4j.jsonrpc.RemoteEndpoint handleCancellation
AVERTISSEMENT: Unmatched cancel notification for request id 9208
oct. 19, 2024 11:29:44 PM org.eclipse.lsp4j.jsonrpc.RemoteEndpoint handleCancellation
AVERTISSEMENT: Unmatched cancel notification for request id 9210
oct. 19, 2024 11:29:44 PM org.eclipse.lsp4j.jsonrpc.RemoteEndpoint handleCancellation
AVERTISSEMENT: Unmatched cancel notification for request id 9212
2024.10.19 23:29:46 INFO  Can not organize imports if file has error
2024.10.19 23:29:47 INFO  compiling cryptage_scala_6df3ab5251 (1 scala source)
2024.10.19 23:29:47 INFO  time: compiled cryptage_scala_6df3ab5251 in 0.81s
oct. 19, 2024 11:31:49 PM org.eclipse.lsp4j.jsonrpc.RemoteEndpoint handleCancellation
AVERTISSEMENT: Unmatched cancel notification for request id 9278
oct. 19, 2024 11:32:28 PM org.eclipse.lsp4j.jsonrpc.RemoteEndpoint handleCancellation
AVERTISSEMENT: Unmatched cancel notification for request id 9483
oct. 19, 2024 11:35:11 PM org.eclipse.lsp4j.jsonrpc.RemoteEndpoint handleCancellation
AVERTISSEMENT: Unmatched cancel notification for request id 9726
oct. 19, 2024 11:35:23 PM org.eclipse.lsp4j.jsonrpc.RemoteEndpoint handleCancellation
AVERTISSEMENT: Unmatched cancel notification for request id 9734
2024.10.19 23:36:16 WARN  Could not load snapshot text for C:\Users\wergh\cryptage_scala\Algo.scala
2024.10.19 23:36:16 INFO  compiling cryptage_scala_6df3ab5251 (1 scala source)
2024.10.19 23:36:17 INFO  time: compiled cryptage_scala_6df3ab5251 in 1.02s
oct. 19, 2024 11:36:32 PM org.eclipse.lsp4j.jsonrpc.RemoteEndpoint handleCancellation
AVERTISSEMENT: Unmatched cancel notification for request id 9921
oct. 19, 2024 11:37:11 PM org.eclipse.lsp4j.jsonrpc.RemoteEndpoint handleCancellation
AVERTISSEMENT: Unmatched cancel notification for request id 9942
oct. 19, 2024 11:37:11 PM org.eclipse.lsp4j.jsonrpc.RemoteEndpoint handleCancellation
AVERTISSEMENT: Unmatched cancel notification for request id 9945
oct. 19, 2024 11:37:11 PM org.eclipse.lsp4j.jsonrpc.RemoteEndpoint handleCancellation
AVERTISSEMENT: Unmatched cancel notification for request id 9946
2024.10.19 23:37:23 INFO  compiling cryptage_scala_6df3ab5251 (1 scala source)
2024.10.19 23:37:23 INFO  time: compiled cryptage_scala_6df3ab5251 in 0.65s
2024.10.19 23:38:05 WARN  Could not load snapshot text for C:\Users\wergh\cryptage_scala\Algo.scala
2024.10.19 23:38:05 INFO  compiling cryptage_scala_6df3ab5251 (1 scala source)
2024.10.19 23:38:05 INFO  time: compiled cryptage_scala_6df3ab5251 in 0.76s
oct. 19, 2024 11:38:15 PM org.eclipse.lsp4j.jsonrpc.RemoteEndpoint handleCancellation
AVERTISSEMENT: Unmatched cancel notification for request id 10114
2024.10.19 23:38:18 INFO  compiling cryptage_scala_6df3ab5251 (1 scala source)
2024.10.19 23:38:18 INFO  time: compiled cryptage_scala_6df3ab5251 in 0.64s
oct. 19, 2024 11:38:38 PM org.eclipse.lsp4j.jsonrpc.RemoteEndpoint handleCancellation
AVERTISSEMENT: Unmatched cancel notification for request id 10178
oct. 19, 2024 11:38:38 PM org.eclipse.lsp4j.jsonrpc.RemoteEndpoint handleCancellation
AVERTISSEMENT: Unmatched cancel notification for request id 10179
2024.10.19 23:38:41 INFO  compiling cryptage_scala_6df3ab5251 (1 scala source)
2024.10.19 23:38:42 WARN  Could not load snapshot text for C:\Users\wergh\cryptage_scala\Algo.scala
2024.10.19 23:38:41 INFO  time: compiled cryptage_scala_6df3ab5251 in 0.85s
oct. 19, 2024 11:43:46 PM org.eclipse.lsp4j.jsonrpc.RemoteEndpoint handleCancellation
AVERTISSEMENT: Unmatched cancel notification for request id 10398
2024.10.19 23:43:50 INFO  compiling cryptage_scala_6df3ab5251 (1 scala source)
2024.10.19 23:43:50 INFO  time: compiled cryptage_scala_6df3ab5251 in 0.79s
oct. 19, 2024 11:44:28 PM org.eclipse.lsp4j.jsonrpc.RemoteEndpoint handleCancellation
AVERTISSEMENT: Unmatched cancel notification for request id 10493
oct. 19, 2024 11:44:44 PM org.eclipse.lsp4j.jsonrpc.RemoteEndpoint handleCancellation
AVERTISSEMENT: Unmatched cancel notification for request id 10545
2024.10.19 23:44:47 WARN  Could not load snapshot text for C:\Users\wergh\cryptage_scala\Algo.scala
2024.10.19 23:44:47 INFO  compiling cryptage_scala_6df3ab5251 (1 scala source)
2024.10.19 23:44:49 INFO  time: compiled cryptage_scala_6df3ab5251 in 1.48s
oct. 19, 2024 11:45:38 PM org.eclipse.lsp4j.jsonrpc.RemoteEndpoint handleCancellation
AVERTISSEMENT: Unmatched cancel notification for request id 10605
oct. 19, 2024 11:45:42 PM org.eclipse.lsp4j.jsonrpc.RemoteEndpoint handleCancellation
AVERTISSEMENT: Unmatched cancel notification for request id 10623
oct. 19, 2024 11:45:42 PM org.eclipse.lsp4j.jsonrpc.RemoteEndpoint handleCancellation
AVERTISSEMENT: Unmatched cancel notification for request id 10624
oct. 19, 2024 11:45:42 PM org.eclipse.lsp4j.jsonrpc.RemoteEndpoint handleCancellation
AVERTISSEMENT: Unmatched cancel notification for request id 10625
oct. 19, 2024 11:45:42 PM org.eclipse.lsp4j.jsonrpc.RemoteEndpoint handleCancellation
AVERTISSEMENT: Unmatched cancel notification for request id 10627
oct. 19, 2024 11:45:50 PM org.eclipse.lsp4j.jsonrpc.RemoteEndpoint handleCancellation
AVERTISSEMENT: Unmatched cancel notification for request id 10702
oct. 19, 2024 11:46:10 PM org.eclipse.lsp4j.jsonrpc.RemoteEndpoint handleCancellation
AVERTISSEMENT: Unmatched cancel notification for request id 10764
oct. 19, 2024 11:46:10 PM org.eclipse.lsp4j.jsonrpc.RemoteEndpoint handleCancellation
AVERTISSEMENT: Unmatched cancel notification for request id 10765
oct. 19, 2024 11:46:25 PM org.eclipse.lsp4j.jsonrpc.RemoteEndpoint handleCancellation
AVERTISSEMENT: Unmatched cancel notification for request id 10791
oct. 19, 2024 11:46:25 PM org.eclipse.lsp4j.jsonrpc.RemoteEndpoint handleCancellation
AVERTISSEMENT: Unmatched cancel notification for request id 10792
2024.10.19 23:46:34 INFO  compiling cryptage_scala_6df3ab5251 (1 scala source)
2024.10.19 23:46:36 INFO  time: compiled cryptage_scala_6df3ab5251 in 1.63s
2024.10.19 23:46:51 INFO  Can not organize imports if file has error
2024.10.19 23:46:51 INFO  compiling cryptage_scala_6df3ab5251 (1 scala source)
2024.10.19 23:46:52 INFO  time: compiled cryptage_scala_6df3ab5251 in 1.06s
oct. 19, 2024 11:47:12 PM org.eclipse.lsp4j.jsonrpc.RemoteEndpoint handleCancellation
AVERTISSEMENT: Unmatched cancel notification for request id 10881
oct. 19, 2024 11:48:04 PM org.eclipse.lsp4j.jsonrpc.RemoteEndpoint handleCancellation
AVERTISSEMENT: Unmatched cancel notification for request id 10900
oct. 19, 2024 11:48:25 PM org.eclipse.lsp4j.jsonrpc.RemoteEndpoint handleCancellation
AVERTISSEMENT: Unmatched cancel notification for request id 10998
oct. 19, 2024 11:48:27 PM org.eclipse.lsp4j.jsonrpc.RemoteEndpoint handleCancellation
AVERTISSEMENT: Unmatched cancel notification for request id 11003
oct. 19, 2024 11:48:27 PM org.eclipse.lsp4j.jsonrpc.RemoteEndpoint handleCancellation
AVERTISSEMENT: Unmatched cancel notification for request id 11004
oct. 19, 2024 11:48:30 PM org.eclipse.lsp4j.jsonrpc.RemoteEndpoint handleCancellation
AVERTISSEMENT: Unmatched cancel notification for request id 11041
oct. 19, 2024 11:48:30 PM org.eclipse.lsp4j.jsonrpc.RemoteEndpoint handleCancellation
AVERTISSEMENT: Unmatched cancel notification for request id 11045
oct. 19, 2024 11:48:52 PM org.eclipse.lsp4j.jsonrpc.RemoteEndpoint handleCancellation
AVERTISSEMENT: Unmatched cancel notification for request id 11110
oct. 19, 2024 11:48:52 PM org.eclipse.lsp4j.jsonrpc.RemoteEndpoint handleCancellation
AVERTISSEMENT: Unmatched cancel notification for request id 11111
Exception in thread "pool-1-thread-568" java.lang.OutOfMemoryError: Java heap space
	at java.base/java.util.Arrays.copyOfRangeByte(Arrays.java:3863)
	at java.base/java.util.Arrays.copyOfRange(Arrays.java:3854)
	at java.base/java.lang.String.<init>(String.java:4788)
	at java.base/java.lang.String.<init>(String.java:1507)
	at java.base/java.lang.StringBuilder.toString(StringBuilder.java:475)
	at scala.meta.internal.tokenizers.LegacyScanner.reportIllegalCharacter$1(LegacyScanner.scala:237)
	at scala.meta.internal.tokenizers.LegacyScanner.fetchOther$1(LegacyScanner.scala:451)
	at scala.meta.internal.tokenizers.LegacyScanner.fetchToken(LegacyScanner.scala:452)
	at scala.meta.internal.tokenizers.LegacyScanner.scala$meta$internal$tokenizers$LegacyScanner$$nextToken(LegacyScanner.scala:195)
	at scala.meta.internal.tokenizers.LegacyScanner.nextToken(LegacyScanner.scala:172)
	at scala.meta.internal.metals.MetalsEnrichments$XtensionScanner.foreach(MetalsEnrichments.scala:100)
	at scala.meta.internal.metals.IdentifierIndex.collectIdentifiers(IdentifierIndex.scala:46)
	at scala.meta.internal.metals.ReferenceProvider.$anonfun$didChange$2(ReferenceProvider.scala:68)
	at scala.meta.internal.metals.ReferenceProvider$$Lambda/0x000001860189e6e0.apply(Unknown Source)
	at scala.Option.map(Option.scala:242)
	at scala.meta.internal.metals.ReferenceProvider.$anonfun$didChange$1(ReferenceProvider.scala:66)
	at scala.meta.internal.metals.ReferenceProvider$$Lambda/0x000001860189e040.apply$mcV$sp(Unknown Source)
	at scala.runtime.java8.JFunction0$mcV$sp.apply(JFunction0$mcV$sp.scala:18)
	at scala.concurrent.Future$.$anonfun$apply$1(Future.scala:687)
	at scala.concurrent.Future$$$Lambda/0x00000186013d23f0.apply(Unknown Source)
	at scala.concurrent.impl.Promise$Transformation.run(Promise.scala:467)
	at java.base/java.util.concurrent.ThreadPoolExecutor.runWorker(ThreadPoolExecutor.java:1144)
	at java.base/java.util.concurrent.ThreadPoolExecutor$Worker.run(ThreadPoolExecutor.java:642)
	at java.base/java.lang.Thread.runWith(Thread.java:1596)
	at java.base/java.lang.Thread.run(Thread.java:1583)
Exception in thread "pool-1-thread-566" java.lang.OutOfMemoryError: Java heap space
	at java.base/java.util.regex.Matcher.<init>(Matcher.java:251)
	at java.base/java.util.regex.Pattern.matcher(Pattern.java:1180)
	at java.base/java.util.Formatter.parse(Formatter.java:2844)
	at java.base/java.util.Formatter.format(Formatter.java:2774)
	at java.base/java.util.Formatter.format(Formatter.java:2728)
	at java.base/java.lang.String.format(String.java:4390)
	at scala.collection.StringOps$.format$extension(StringOps.scala:991)
	at scala.meta.internal.tokenizers.LegacyScanner.reportIllegalCharacter$1(LegacyScanner.scala:237)
	at scala.meta.internal.tokenizers.LegacyScanner.fetchOther$1(LegacyScanner.scala:451)
	at scala.meta.internal.tokenizers.LegacyScanner.fetchToken(LegacyScanner.scala:452)
	at scala.meta.internal.tokenizers.LegacyScanner.scala$meta$internal$tokenizers$LegacyScanner$$nextToken(LegacyScanner.scala:195)
	at scala.meta.internal.tokenizers.LegacyScanner.nextTokenOrEof(LegacyScanner.scala:167)
	at scala.meta.internal.tokenizers.ScalametaTokenizer.loop$1(ScalametaTokenizer.scala:150)
	at scala.meta.internal.tokenizers.ScalametaTokenizer.uncachedTokenize(ScalametaTokenizer.scala:162)
	at scala.meta.internal.tokenizers.ScalametaTokenizer.$anonfun$tokenize$1(ScalametaTokenizer.scala:16)
	at scala.meta.internal.tokenizers.ScalametaTokenizer$$Lambda/0x000001860153cce0.apply(Unknown Source)
	at scala.collection.concurrent.TrieMap.getOrElseUpdate(TrieMap.scala:960)
	at scala.meta.internal.tokenizers.ScalametaTokenizer.tokenize(ScalametaTokenizer.scala:16)
	at scala.meta.internal.tokenizers.ScalametaTokenizer$$anon$1.apply(ScalametaTokenizer.scala:313)
	at scala.meta.tokenizers.Api$XtensionTokenizeDialectInput.tokenize(Api.scala:22)
	at scala.meta.tokenizers.Api$XtensionTokenizeInputLike.tokenize(Api.scala:13)
	at scala.meta.internal.metals.SemanticTokensProvider$.getTokens(SemanticTokensProvider.scala:29)
	at scala.meta.internal.metals.SemanticTokensProvider$.provide(SemanticTokensProvider.scala:90)
	at scala.meta.internal.metals.Compilers.$anonfun$semanticTokens$3(Compilers.scala:561)
	at scala.meta.internal.metals.Compilers$$Lambda/0x0000018601655188.apply(Unknown Source)
	at scala.concurrent.impl.Promise$Transformation.run(Promise.scala:467)
	at java.base/java.util.concurrent.ThreadPoolExecutor.runWorker(ThreadPoolExecutor.java:1144)
	at java.base/java.util.concurrent.ThreadPoolExecutor$Worker.run(ThreadPoolExecutor.java:642)
	at java.base/java.lang.Thread.runWith(Thread.java:1596)
	at java.base/java.lang.Thread.run(Thread.java:1583)
Exception in thread "pool-1-thread-562" java.lang.OutOfMemoryError: Java heap space
	at java.base/java.util.regex.Matcher.<init>(Matcher.java:252)
	at java.base/java.util.regex.Pattern.matcher(Pattern.java:1180)
	at java.base/java.util.Formatter.parse(Formatter.java:2844)
	at java.base/java.util.Formatter.format(Formatter.java:2774)
	at java.base/java.util.Formatter.format(Formatter.java:2728)
	at java.base/java.lang.String.format(String.java:4390)
	at scala.collection.StringOps$.format$extension(StringOps.scala:991)
	at scala.meta.internal.tokenizers.LegacyScanner.reportIllegalCharacter$1(LegacyScanner.scala:237)
	at scala.meta.internal.tokenizers.LegacyScanner.fetchOther$1(LegacyScanner.scala:451)
	at scala.meta.internal.tokenizers.LegacyScanner.fetchToken(LegacyScanner.scala:452)
	at scala.meta.internal.tokenizers.LegacyScanner.scala$meta$internal$tokenizers$LegacyScanner$$nextToken(LegacyScanner.scala:195)
	at scala.meta.internal.tokenizers.LegacyScanner.nextTokenOrEof(LegacyScanner.scala:167)
	at scala.meta.internal.tokenizers.ScalametaTokenizer.loop$1(ScalametaTokenizer.scala:150)
	at scala.meta.internal.tokenizers.ScalametaTokenizer.uncachedTokenize(ScalametaTokenizer.scala:162)
	at scala.meta.internal.tokenizers.ScalametaTokenizer.$anonfun$tokenize$1(ScalametaTokenizer.scala:16)
	at scala.meta.internal.tokenizers.ScalametaTokenizer$$Lambda/0x000001860153cce0.apply(Unknown Source)
	at scala.collection.concurrent.TrieMap.getOrElseUpdate(TrieMap.scala:960)
	at scala.meta.internal.tokenizers.ScalametaTokenizer.tokenize(ScalametaTokenizer.scala:16)
	at scala.meta.internal.tokenizers.ScalametaTokenizer$$anon$1.apply(ScalametaTokenizer.scala:313)
	at scala.meta.tokenizers.Api$XtensionTokenizeDialectInput.tokenize(Api.scala:22)
	at scala.meta.tokenizers.Api$XtensionTokenizeInputLike.tokenize(Api.scala:13)
	at scala.meta.internal.parsers.ScannerTokens$.apply(ScannerTokens.scala:924)
	at scala.meta.internal.parsers.ScalametaParser.<init>(ScalametaParser.scala:34)
	at scala.meta.parsers.Parse$$anon$1.apply(Parse.scala:36)
	at scala.meta.internal.mtags.ScalametaCommonEnrichments$XtensionInputOffset.safeParse(ScalametaCommonEnrichments.scala:565)
	at scala.meta.internal.parsing.Trees.$anonfun$parse$2(Trees.scala:150)
	at scala.meta.internal.parsing.Trees$$Lambda/0x00000186014f9c98.apply(Unknown Source)
	at scala.Option.map(Option.scala:242)
	at scala.meta.internal.parsing.Trees.parse(Trees.scala:141)
	at scala.meta.internal.parsing.Trees.didChange(Trees.scala:101)
	at scala.meta.internal.metals.MetalsLspService.$anonfun$parseTreesAndPublishDiags$2(MetalsLspService.scala:631)
	at scala.meta.internal.metals.MetalsLspService$$Lambda/0x0000018601d9e150.apply$mcV$sp(Unknown Source)
oct. 19, 2024 11:53:42 PM org.eclipse.lsp4j.jsonrpc.RemoteEndpoint fallbackResponseError
GRAVE: Internal error: Java heap space
java.lang.OutOfMemoryError: Java heap space

